#
# There is insufficient memory for the Java Runtime Environment to continue.
# Native memory allocation (malloc) failed to allocate 3677056 bytes for Chunk::new
# Possible reasons:
#   The system is out of physical RAM or swap space
#   The process is running with CompressedOops enabled, and the Java Heap may be blocking the growth of the native heap
# Possible solutions:
#   Reduce memory load on the system
#   Increase physical memory or swap space
#   Check if swap backing store is full
#   Decrease Java heap size (-Xmx/-Xms)
#   Decrease number of Java threads
#   Decrease Java thread stack sizes (-Xss)
#   Set larger code cache with -XX:ReservedCodeCacheSize=
#   JVM is running with Zero Based Compressed Oops mode in which the Java heap is
#     placed in the first 32GB address space. The Java Heap base address is the
#     maximum limit for the native heap growth. Please use -XX:HeapBaseMinAddress
#     to set the Java Heap base and to place the Java Heap above 32GB virtual address.
# This output file may be truncated or incomplete.
#
#  Out of Memory Error (arena.cpp:168), pid=2084, tid=16096
#
# JRE version: Java(TM) SE Runtime Environment (21.0.5+9) (build 21.0.5+9-LTS-239)
# Java VM: Java HotSpot(TM) 64-Bit Server VM (21.0.5+9-LTS-239, mixed mode, sharing, tiered, compressed oops, compressed class ptrs, g1 gc, windows-amd64)
# No core dump will be written. Minidumps are not enabled by default on client versions of Windows
#

---------------  S U M M A R Y ------------

Command Line: -Dmaven.multiModuleProjectDirectory=D:\Java Coding\Java Full Stack Spring Boot AI Microservice Project\gateway -Djansi.passthrough=true -Dmaven.home=C:\Extrenal_installation\IntellijComm\IntelliJ IDEA Community Edition 2024.3.2.1\plugins\maven\lib\maven3 -Dclassworlds.conf=C:\Extrenal_installation\IntellijComm\IntelliJ IDEA Community Edition 2024.3.2.1\plugins\maven\lib\maven3\bin\m2.conf -Dmaven.ext.class.path=C:\Extrenal_installation\IntellijComm\IntelliJ IDEA Community Edition 2024.3.2.1\plugins\maven\lib\maven-event-listener.jar -javaagent:C:\Extrenal_installation\IntellijComm\IntelliJ IDEA Community Edition 2024.3.2.1\lib\idea_rt.jar=59943:C:\Extrenal_installation\IntellijComm\IntelliJ IDEA Community Edition 2024.3.2.1\bin -Dfile.encoding=UTF-8 -Dsun.stdout.encoding=UTF-8 -Dsun.stderr.encoding=UTF-8 org.codehaus.classworlds.Launcher -Didea.version=2024.3.2.2 install

Host: Intel(R) Core(TM) i3-7020U CPU @ 2.30GHz, 4 cores, 11G,  Windows 11 , 64 bit Build 22621 (10.0.22621.5415)
Time: Thu Jul 10 11:34:39 2025 India Standard Time elapsed time: 39.069696 seconds (0d 0h 0m 39s)

---------------  T H R E A D  ---------------

Current thread (0x000001fe192d87b0):  JavaThread "C2 CompilerThread1" daemon [_thread_in_native, id=16096, stack(0x0000009b77f00000,0x0000009b78000000) (1024K)]


Current CompileTask:
C2:  39069 7283       4       org.codehaus.plexus.classworlds.realm.ClassRealm::loadClass (7 bytes)

Stack: [0x0000009b77f00000,0x0000009b78000000]
Native frames: (J=compiled Java code, j=interpreted, Vv=VM code, C=native code)
V  [jvm.dll+0x6ca289]
V  [jvm.dll+0x854a51]
V  [jvm.dll+0x856f7e]
V  [jvm.dll+0x857653]
V  [jvm.dll+0x27dd26]
V  [jvm.dll+0xc4c2d]
V  [jvm.dll+0xc5163]
V  [jvm.dll+0x2f0ccd]
V  [jvm.dll+0x5f4ffa]
V  [jvm.dll+0x24f882]
V  [jvm.dll+0x248446]
V  [jvm.dll+0x245de4]
V  [jvm.dll+0x1c6d0e]
V  [jvm.dll+0x2554d9]
V  [jvm.dll+0x253a6a]
V  [jvm.dll+0x3ee136]
V  [jvm.dll+0x7fee9b]
V  [jvm.dll+0x6c896d]
C  [ucrtbase.dll+0x29333]
C  [KERNEL32.DLL+0x1259d]
C  [ntdll.dll+0x5af78]


---------------  P R O C E S S  ---------------

Threads class SMR info:
_java_thread_list=0x000001fe17fe1af0, length=20, elements={
0x000001fdb18af2c0, 0x000001fdd0cc7a00, 0x000001fdd0ccad20, 0x000001fdd0cce3e0,
0x000001fdd0ccf0f0, 0x000001fdd0cd0b50, 0x000001fdd0cd16d0, 0x000001fdd0ce0c40,
0x000001fdd0ce26e0, 0x000001fe1607f080, 0x000001fe16162590, 0x000001fe16162bf0,
0x000001fe16f988a0, 0x000001fe16411480, 0x000001fe16cc75b0, 0x000001fe192d87b0,
0x000001fe1738da40, 0x000001fe196c4280, 0x000001fe180956e0, 0x000001fe196baf90
}

Java Threads: ( => current thread )
  0x000001fdb18af2c0 JavaThread "main"                              [_thread_in_native, id=4388, stack(0x0000009b76600000,0x0000009b76700000) (1024K)]
  0x000001fdd0cc7a00 JavaThread "Reference Handler"          daemon [_thread_blocked, id=20312, stack(0x0000009b76e00000,0x0000009b76f00000) (1024K)]
  0x000001fdd0ccad20 JavaThread "Finalizer"                  daemon [_thread_blocked, id=15228, stack(0x0000009b76f00000,0x0000009b77000000) (1024K)]
  0x000001fdd0cce3e0 JavaThread "Signal Dispatcher"          daemon [_thread_blocked, id=7752, stack(0x0000009b77000000,0x0000009b77100000) (1024K)]
  0x000001fdd0ccf0f0 JavaThread "Attach Listener"            daemon [_thread_blocked, id=15616, stack(0x0000009b77100000,0x0000009b77200000) (1024K)]
  0x000001fdd0cd0b50 JavaThread "Service Thread"             daemon [_thread_blocked, id=7816, stack(0x0000009b77200000,0x0000009b77300000) (1024K)]
  0x000001fdd0cd16d0 JavaThread "Monitor Deflation Thread"   daemon [_thread_blocked, id=6156, stack(0x0000009b77300000,0x0000009b77400000) (1024K)]
  0x000001fdd0ce0c40 JavaThread "C2 CompilerThread0"         daemon [_thread_in_native, id=4492, stack(0x0000009b77400000,0x0000009b77500000) (1024K)]
  0x000001fdd0ce26e0 JavaThread "C1 CompilerThread0"         daemon [_thread_blocked, id=4264, stack(0x0000009b77500000,0x0000009b77600000) (1024K)]
  0x000001fe1607f080 JavaThread "Common-Cleaner"             daemon [_thread_blocked, id=20440, stack(0x0000009b77600000,0x0000009b77700000) (1024K)]
  0x000001fe16162590 JavaThread "Monitor Ctrl-Break"         daemon [_thread_in_native, id=17124, stack(0x0000009b77700000,0x0000009b77800000) (1024K)]
  0x000001fe16162bf0 JavaThread "Notification Thread"        daemon [_thread_blocked, id=18700, stack(0x0000009b77800000,0x0000009b77900000) (1024K)]
  0x000001fe16f988a0 JavaThread "Thread-1"                   daemon [_thread_blocked, id=1604, stack(0x0000009b77d00000,0x0000009b77e00000) (1024K)]
  0x000001fe16411480 JavaThread "timeout-check-timer"        daemon [_thread_blocked, id=15732, stack(0x0000009b77900000,0x0000009b77a00000) (1024K)]
  0x000001fe16cc75b0 JavaThread "ping-timer-10s"             daemon [_thread_blocked, id=15916, stack(0x0000009b77e00000,0x0000009b77f00000) (1024K)]
=>0x000001fe192d87b0 JavaThread "C2 CompilerThread1"         daemon [_thread_in_native, id=16096, stack(0x0000009b77f00000,0x0000009b78000000) (1024K)]
  0x000001fe1738da40 JavaThread "ThreadedStreamConsumer"     daemon [_thread_blocked, id=3444, stack(0x0000009b78000000,0x0000009b78100000) (1024K)]
  0x000001fe196c4280 JavaThread "fork-1-err-thread"          daemon [_thread_in_native, id=18484, stack(0x0000009b78100000,0x0000009b78200000) (1024K)]
  0x000001fe180956e0 JavaThread "commands-fork-1"            daemon [_thread_blocked, id=19228, stack(0x0000009b78200000,0x0000009b78300000) (1024K)]
  0x000001fe196baf90 JavaThread "fork-1-event-thread"        daemon [_thread_in_native, id=10508, stack(0x0000009b78300000,0x0000009b78400000) (1024K)]
Total: 20

Other Threads:
  0x000001fdd0cb0130 VMThread "VM Thread"                           [id=14848, stack(0x0000009b76d00000,0x0000009b76e00000) (1024K)]
  0x000001fdd0ca0210 WatcherThread "VM Periodic Task Thread"        [id=2544, stack(0x0000009b76c00000,0x0000009b76d00000) (1024K)]
  0x000001fdb19023f0 WorkerThread "GC Thread#0"                     [id=17992, stack(0x0000009b76700000,0x0000009b76800000) (1024K)]
  0x000001fe169e9230 WorkerThread "GC Thread#1"                     [id=3456, stack(0x0000009b77a00000,0x0000009b77b00000) (1024K)]
  0x000001fe169e95d0 WorkerThread "GC Thread#2"                     [id=18452, stack(0x0000009b77b00000,0x0000009b77c00000) (1024K)]
  0x000001fe16b7aaa0 WorkerThread "GC Thread#3"                     [id=18228, stack(0x0000009b77c00000,0x0000009b77d00000) (1024K)]
  0x000001fdb190c2b0 ConcurrentGCThread "G1 Main Marker"            [id=11100, stack(0x0000009b76800000,0x0000009b76900000) (1024K)]
  0x000001fdb16ccf50 WorkerThread "G1 Conc#0"                       [id=13020, stack(0x0000009b76900000,0x0000009b76a00000) (1024K)]
  0x000001fdb196e4b0 ConcurrentGCThread "G1 Refine#0"               [id=4796, stack(0x0000009b76a00000,0x0000009b76b00000) (1024K)]
  0x000001fdd0b75220 ConcurrentGCThread "G1 Service"                [id=15748, stack(0x0000009b76b00000,0x0000009b76c00000) (1024K)]
Total: 10

Threads with active compile tasks:
C2 CompilerThread0    39150 7089   !   4       java.lang.ClassLoader::loadClass (121 bytes)
C2 CompilerThread1    39150 7283       4       org.codehaus.plexus.classworlds.realm.ClassRealm::loadClass (7 bytes)
Total: 2

VM state: not at safepoint (normal execution)

VM Mutex/Monitor currently owned by a thread: None

Heap address: 0x0000000741600000, size: 3050 MB, Compressed Oops mode: Zero based, Oop shift amount: 3

CDS archive(s) mapped at: [0x000001fdd1000000-0x000001fdd1c90000-0x000001fdd1c90000), size 13172736, SharedBaseAddress: 0x000001fdd1000000, ArchiveRelocationMode: 1.
Compressed class space mapped at: 0x000001fdd2000000-0x000001fe12000000, reserved size: 1073741824
Narrow klass base: 0x000001fdd1000000, Narrow klass shift: 0, Narrow klass range: 0x100000000

GC Precious Log:
 CardTable entry size: 512
 Card Set container configuration: InlinePtr #cards 4 size 8 Array Of Cards #cards 16 size 48 Howl #buckets 8 coarsen threshold 3686 Howl Bitmap #cards 512 size 80 coarsen threshold 460 Card regions per heap region 1 cards per card region 4096
 CPUs: 4 total, 4 available
 Memory: 12199M
 Large Page Support: Disabled
 NUMA Support: Disabled
 Compressed Oops: Enabled (Zero based)
 Heap Region Size: 2M
 Heap Min Capacity: 8M
 Heap Initial Capacity: 192M
 Heap Max Capacity: 3050M
 Pre-touch: Disabled
 Parallel Workers: 4
 Concurrent Workers: 1
 Concurrent Refinement Workers: 4
 Periodic GC: Disabled

Heap:
 garbage-first heap   total 145408K, used 84973K [0x0000000741600000, 0x0000000800000000)
  region size 2048K, 10 young (20480K), 2 survivors (4096K)
 Metaspace       used 34425K, committed 34816K, reserved 1114112K
  class space    used 3818K, committed 4032K, reserved 1048576K

Heap Regions: E=young(eden), S=young(survivor), O=old, HS=humongous(starts), HC=humongous(continues), CS=collection set, F=free, TAMS=top-at-mark-start, PB=parsable bottom
|   0|0x0000000741600000, 0x0000000741800000, 0x0000000741800000|100%| O|  |TAMS 0x0000000741600000| PB 0x0000000741600000| Untracked 
|   1|0x0000000741800000, 0x0000000741a00000, 0x0000000741a00000|100%| O|  |TAMS 0x0000000741800000| PB 0x0000000741800000| Untracked 
|   2|0x0000000741a00000, 0x0000000741a00000, 0x0000000741c00000|  0%| F|  |TAMS 0x0000000741a00000| PB 0x0000000741a00000| Untracked 
|   3|0x0000000741c00000, 0x0000000741d4eb38, 0x0000000741e00000| 65%| O|  |TAMS 0x0000000741c00000| PB 0x0000000741c00000| Untracked 
|   4|0x0000000741e00000, 0x0000000742000000, 0x0000000742000000|100%| O|  |TAMS 0x0000000741e00000| PB 0x0000000741e00000| Untracked 
|   5|0x0000000742000000, 0x0000000742200000, 0x0000000742200000|100%| O|  |TAMS 0x0000000742000000| PB 0x0000000742000000| Untracked 
|   6|0x0000000742200000, 0x0000000742400000, 0x0000000742400000|100%| O|  |TAMS 0x0000000742200000| PB 0x0000000742200000| Untracked 
|   7|0x0000000742400000, 0x0000000742600000, 0x0000000742600000|100%| O|  |TAMS 0x0000000742400000| PB 0x0000000742400000| Untracked 
|   8|0x0000000742600000, 0x0000000742800000, 0x0000000742800000|100%| O|  |TAMS 0x0000000742600000| PB 0x0000000742600000| Untracked 
|   9|0x0000000742800000, 0x0000000742a00000, 0x0000000742a00000|100%| O|  |TAMS 0x0000000742800000| PB 0x0000000742800000| Untracked 
|  10|0x0000000742a00000, 0x0000000742c00000, 0x0000000742c00000|100%|HS|  |TAMS 0x0000000742a00000| PB 0x0000000742a00000| Complete 
|  11|0x0000000742c00000, 0x0000000742e00000, 0x0000000742e00000|100%|HC|  |TAMS 0x0000000742c00000| PB 0x0000000742c00000| Complete 
|  12|0x0000000742e00000, 0x0000000743000000, 0x0000000743000000|100%| O|  |TAMS 0x0000000742e00000| PB 0x0000000742e00000| Untracked 
|  13|0x0000000743000000, 0x0000000743000000, 0x0000000743200000|  0%| F|  |TAMS 0x0000000743000000| PB 0x0000000743000000| Untracked 
|  14|0x0000000743200000, 0x0000000743400000, 0x0000000743400000|100%|HS|  |TAMS 0x0000000743200000| PB 0x0000000743200000| Complete 
|  15|0x0000000743400000, 0x0000000743600000, 0x0000000743600000|100%|HC|  |TAMS 0x0000000743400000| PB 0x0000000743400000| Complete 
|  16|0x0000000743600000, 0x0000000743800000, 0x0000000743800000|100%| O|  |TAMS 0x0000000743600000| PB 0x0000000743600000| Untracked 
|  17|0x0000000743800000, 0x0000000743a00000, 0x0000000743a00000|100%| O|  |TAMS 0x0000000743800000| PB 0x0000000743800000| Untracked 
|  18|0x0000000743a00000, 0x0000000743a00000, 0x0000000743c00000|  0%| F|  |TAMS 0x0000000743a00000| PB 0x0000000743a00000| Untracked 
|  19|0x0000000743c00000, 0x0000000743e00000, 0x0000000743e00000|100%| O|  |TAMS 0x0000000743c00000| PB 0x0000000743c00000| Untracked 
|  20|0x0000000743e00000, 0x0000000744000000, 0x0000000744000000|100%| O|  |TAMS 0x0000000743e00000| PB 0x0000000743e00000| Untracked 
|  21|0x0000000744000000, 0x0000000744200000, 0x0000000744200000|100%| O|  |TAMS 0x0000000744000000| PB 0x0000000744000000| Untracked 
|  22|0x0000000744200000, 0x0000000744400000, 0x0000000744400000|100%| O|  |TAMS 0x0000000744200000| PB 0x0000000744200000| Untracked 
|  23|0x0000000744400000, 0x0000000744600000, 0x0000000744600000|100%| O|  |TAMS 0x0000000744400000| PB 0x0000000744400000| Untracked 
|  24|0x0000000744600000, 0x0000000744800000, 0x0000000744800000|100%| O|  |TAMS 0x0000000744600000| PB 0x0000000744600000| Untracked 
|  25|0x0000000744800000, 0x0000000744a00000, 0x0000000744a00000|100%| O|  |TAMS 0x0000000744800000| PB 0x0000000744800000| Untracked 
|  26|0x0000000744a00000, 0x0000000744c00000, 0x0000000744c00000|100%| O|  |TAMS 0x0000000744a00000| PB 0x0000000744a00000| Untracked 
|  27|0x0000000744c00000, 0x0000000744e00000, 0x0000000744e00000|100%| O|  |TAMS 0x0000000744c00000| PB 0x0000000744c00000| Untracked 
|  28|0x0000000744e00000, 0x0000000745000000, 0x0000000745000000|100%| O|  |TAMS 0x0000000744e00000| PB 0x0000000744e00000| Untracked 
|  29|0x0000000745000000, 0x0000000745200000, 0x0000000745200000|100%| O|  |TAMS 0x0000000745000000| PB 0x0000000745000000| Untracked 
|  30|0x0000000745200000, 0x0000000745400000, 0x0000000745400000|100%| O|  |TAMS 0x0000000745200000| PB 0x0000000745200000| Untracked 
|  31|0x0000000745400000, 0x0000000745600000, 0x0000000745600000|100%| O|  |TAMS 0x0000000745400000| PB 0x0000000745400000| Untracked 
|  32|0x0000000745600000, 0x0000000745800000, 0x0000000745800000|100%| O|  |TAMS 0x0000000745600000| PB 0x0000000745600000| Untracked 
|  33|0x0000000745800000, 0x0000000745800000, 0x0000000745a00000|  0%| F|  |TAMS 0x0000000745800000| PB 0x0000000745800000| Untracked 
|  34|0x0000000745a00000, 0x0000000745a00000, 0x0000000745c00000|  0%| F|  |TAMS 0x0000000745a00000| PB 0x0000000745a00000| Untracked 
|  35|0x0000000745c00000, 0x0000000745c00000, 0x0000000745e00000|  0%| F|  |TAMS 0x0000000745c00000| PB 0x0000000745c00000| Untracked 
|  36|0x0000000745e00000, 0x0000000745e00000, 0x0000000746000000|  0%| F|  |TAMS 0x0000000745e00000| PB 0x0000000745e00000| Untracked 
|  37|0x0000000746000000, 0x0000000746000000, 0x0000000746200000|  0%| F|  |TAMS 0x0000000746000000| PB 0x0000000746000000| Untracked 
|  38|0x0000000746200000, 0x0000000746200000, 0x0000000746400000|  0%| F|  |TAMS 0x0000000746200000| PB 0x0000000746200000| Untracked 
|  39|0x0000000746400000, 0x0000000746400000, 0x0000000746600000|  0%| F|  |TAMS 0x0000000746400000| PB 0x0000000746400000| Untracked 
|  40|0x0000000746600000, 0x0000000746600000, 0x0000000746800000|  0%| F|  |TAMS 0x0000000746600000| PB 0x0000000746600000| Untracked 
|  41|0x0000000746800000, 0x0000000746800000, 0x0000000746a00000|  0%| F|  |TAMS 0x0000000746800000| PB 0x0000000746800000| Untracked 
|  42|0x0000000746a00000, 0x0000000746a00000, 0x0000000746c00000|  0%| F|  |TAMS 0x0000000746a00000| PB 0x0000000746a00000| Untracked 
|  43|0x0000000746c00000, 0x0000000746c00000, 0x0000000746e00000|  0%| F|  |TAMS 0x0000000746c00000| PB 0x0000000746c00000| Untracked 
|  44|0x0000000746e00000, 0x0000000746e00000, 0x0000000747000000|  0%| F|  |TAMS 0x0000000746e00000| PB 0x0000000746e00000| Untracked 
|  45|0x0000000747000000, 0x0000000747000000, 0x0000000747200000|  0%| F|  |TAMS 0x0000000747000000| PB 0x0000000747000000| Untracked 
|  46|0x0000000747200000, 0x0000000747200000, 0x0000000747400000|  0%| F|  |TAMS 0x0000000747200000| PB 0x0000000747200000| Untracked 
|  47|0x0000000747400000, 0x00000007475acab8, 0x0000000747600000| 83%| S|CS|TAMS 0x0000000747400000| PB 0x0000000747400000| Complete 
|  48|0x0000000747600000, 0x0000000747800000, 0x0000000747800000|100%| S|CS|TAMS 0x0000000747600000| PB 0x0000000747600000| Complete 
|  49|0x0000000747800000, 0x0000000747800000, 0x0000000747a00000|  0%| F|  |TAMS 0x0000000747800000| PB 0x0000000747800000| Untracked 
|  50|0x0000000747a00000, 0x0000000747a00000, 0x0000000747c00000|  0%| F|  |TAMS 0x0000000747a00000| PB 0x0000000747a00000| Untracked 
|  51|0x0000000747c00000, 0x0000000747c00000, 0x0000000747e00000|  0%| F|  |TAMS 0x0000000747c00000| PB 0x0000000747c00000| Untracked 
|  52|0x0000000747e00000, 0x0000000747e00000, 0x0000000748000000|  0%| F|  |TAMS 0x0000000747e00000| PB 0x0000000747e00000| Untracked 
|  53|0x0000000748000000, 0x0000000748000000, 0x0000000748200000|  0%| F|  |TAMS 0x0000000748000000| PB 0x0000000748000000| Untracked 
|  54|0x0000000748200000, 0x0000000748200000, 0x0000000748400000|  0%| F|  |TAMS 0x0000000748200000| PB 0x0000000748200000| Untracked 
|  55|0x0000000748400000, 0x0000000748400000, 0x0000000748600000|  0%| F|  |TAMS 0x0000000748400000| PB 0x0000000748400000| Untracked 
|  56|0x0000000748600000, 0x0000000748600000, 0x0000000748800000|  0%| F|  |TAMS 0x0000000748600000| PB 0x0000000748600000| Untracked 
|  57|0x0000000748800000, 0x0000000748800000, 0x0000000748a00000|  0%| F|  |TAMS 0x0000000748800000| PB 0x0000000748800000| Untracked 
|  58|0x0000000748a00000, 0x0000000748a00000, 0x0000000748c00000|  0%| F|  |TAMS 0x0000000748a00000| PB 0x0000000748a00000| Untracked 
|  59|0x0000000748c00000, 0x0000000748c00000, 0x0000000748e00000|  0%| F|  |TAMS 0x0000000748c00000| PB 0x0000000748c00000| Untracked 
|  60|0x0000000748e00000, 0x0000000748e44d50, 0x0000000749000000| 13%| E|  |TAMS 0x0000000748e00000| PB 0x0000000748e00000| Complete 
|  61|0x0000000749000000, 0x0000000749200000, 0x0000000749200000|100%| E|CS|TAMS 0x0000000749000000| PB 0x0000000749000000| Complete 
|  62|0x0000000749200000, 0x0000000749400000, 0x0000000749400000|100%| E|CS|TAMS 0x0000000749200000| PB 0x0000000749200000| Complete 
|  63|0x0000000749400000, 0x0000000749600000, 0x0000000749600000|100%| E|CS|TAMS 0x0000000749400000| PB 0x0000000749400000| Complete 
|  95|0x000000074d400000, 0x000000074d600000, 0x000000074d600000|100%| E|CS|TAMS 0x000000074d400000| PB 0x000000074d400000| Complete 
|1519|0x00000007ff400000, 0x00000007ff600000, 0x00000007ff600000|100%| E|CS|TAMS 0x00000007ff400000| PB 0x00000007ff400000| Complete 
|1520|0x00000007ff600000, 0x00000007ff800000, 0x00000007ff800000|100%| E|CS|TAMS 0x00000007ff600000| PB 0x00000007ff600000| Complete 
|1521|0x00000007ff800000, 0x00000007ffa00000, 0x00000007ffa00000|100%| O|  |TAMS 0x00000007ff800000| PB 0x00000007ff800000| Untracked 
|1522|0x00000007ffa00000, 0x00000007ffc00000, 0x00000007ffc00000|100%| O|  |TAMS 0x00000007ffa00000| PB 0x00000007ffa00000| Untracked 
|1523|0x00000007ffc00000, 0x00000007ffe00000, 0x00000007ffe00000|100%| E|CS|TAMS 0x00000007ffc00000| PB 0x00000007ffc00000| Complete 
|1524|0x00000007ffe00000, 0x0000000800000000, 0x0000000800000000|100%| O|  |TAMS 0x00000007ffe00000| PB 0x00000007ffe00000| Untracked 

Card table byte_map: [0x000001fdcb130000,0x000001fdcb730000] _byte_map_base: 0x000001fdc7725000

Marking Bits: (CMBitMap*) 0x000001fdb1902af0
 Bits: [0x000001fdcb730000, 0x000001fdce6d8000)

Polling page: 0x000001fdb1970000

Metaspace:

Usage:
  Non-class:     29.89 MB used.
      Class:      3.73 MB used.
       Both:     33.62 MB used.

Virtual space:
  Non-class space:       64.00 MB reserved,      30.06 MB ( 47%) committed,  1 nodes.
      Class space:        1.00 GB reserved,       3.94 MB ( <1%) committed,  1 nodes.
             Both:        1.06 GB reserved,      34.00 MB (  3%) committed. 

Chunk freelists:
   Non-Class:  1.66 MB
       Class:  11.92 MB
        Both:  13.58 MB

MaxMetaspaceSize: unlimited
CompressedClassSpaceSize: 1.00 GB
Initial GC threshold: 21.00 MB
Current GC threshold: 49.19 MB
CDS: on
 - commit_granule_bytes: 65536.
 - commit_granule_words: 8192.
 - virtual_space_node_default_size: 8388608.
 - enlarge_chunks_in_place: 1.
 - use_allocation_guard: 0.


Internal statistics:

num_allocs_failed_limit: 3.
num_arena_births: 286.
num_arena_deaths: 0.
num_vsnodes_births: 2.
num_vsnodes_deaths: 0.
num_space_committed: 544.
num_space_uncommitted: 0.
num_chunks_returned_to_freelist: 3.
num_chunks_taken_from_freelist: 1482.
num_chunk_merges: 3.
num_chunk_splits: 1067.
num_chunks_enlarged: 865.
num_inconsistent_stats: 0.

CodeHeap 'non-profiled nmethods': size=120000Kb used=4201Kb max_used=4363Kb free=115798Kb
 bounds [0x000001fdc2fe0000, 0x000001fdc3430000, 0x000001fdca510000]
CodeHeap 'profiled nmethods': size=120000Kb used=13490Kb max_used=14818Kb free=106509Kb
 bounds [0x000001fdbb510000, 0x000001fdbc390000, 0x000001fdc2a40000]
CodeHeap 'non-nmethods': size=5760Kb used=1516Kb max_used=1533Kb free=4243Kb
 bounds [0x000001fdc2a40000, 0x000001fdc2cb0000, 0x000001fdc2fe0000]
 total_blobs=6995 nmethods=6407 adapters=492
 compilation: enabled
              stopped_count=0, restarted_count=0
 full_count=0

Compilation events (20 events):
Event: 38.095 Thread 0x000001fdd0ce26e0 nmethod 7279 0x000001fdbb852a10 code [0x000001fdbb852c00, 0x000001fdbb853038]
Event: 38.095 Thread 0x000001fdd0ce26e0 7280       3       java.util.zip.CRC32::updateBytes (14 bytes)
Event: 38.096 Thread 0x000001fdd0ce26e0 nmethod 7280 0x000001fdbb852290 code [0x000001fdbb852460, 0x000001fdbb852820]
Event: 38.102 Thread 0x000001fe192d87b0 7281       4       java.lang.Throwable::<init> (39 bytes)
Event: 38.105 Thread 0x000001fdd0ce26e0 7282       3       java.net.URLClassLoader::definePackage (274 bytes)
Event: 38.111 Thread 0x000001fdd0ce26e0 nmethod 7282 0x000001fdbba9ea10 code [0x000001fdbba9f0e0, 0x000001fdbbaa3230]
Event: 38.114 Thread 0x000001fe192d87b0 nmethod 7281 0x000001fdc30b1f90 code [0x000001fdc30b2160, 0x000001fdc30b2a20]
Event: 38.121 Thread 0x000001fe192d87b0 7283       4       org.codehaus.plexus.classworlds.realm.ClassRealm::loadClass (7 bytes)
Event: 38.124 Thread 0x000001fdd0ce26e0 7285       3       java.lang.invoke.DelegatingMethodHandle::<init> (10 bytes)
Event: 38.124 Thread 0x000001fdd0ce26e0 nmethod 7285 0x000001fdbb851a10 code [0x000001fdbb851be0, 0x000001fdbb851fb0]
Event: 38.124 Thread 0x000001fdd0ce26e0 7286       3       java.lang.invoke.DelegatingMethodHandle::chooseDelegatingForm (24 bytes)
Event: 38.125 Thread 0x000001fdd0ce26e0 nmethod 7286 0x000001fdbb8fc790 code [0x000001fdbb8fc940, 0x000001fdbb8fcc68]
Event: 38.126 Thread 0x000001fdd0ce26e0 7287       3       java.util.Locale::hashCode (41 bytes)
Event: 38.126 Thread 0x000001fdd0ce26e0 nmethod 7287 0x000001fdbb62a110 code [0x000001fdbb62a2c0, 0x000001fdbb62a4d8]
Event: 38.127 Thread 0x000001fdd0ce26e0 7288       3       java.lang.String::getBytes (44 bytes)
Event: 38.127 Thread 0x000001fdd0ce26e0 nmethod 7288 0x000001fdbb8fc190 code [0x000001fdbb8fc360, 0x000001fdbb8fc670]
Event: 38.130 Thread 0x000001fdd0ce26e0 7289       3       java.lang.AbstractStringBuilder::append (45 bytes)
Event: 38.130 Thread 0x000001fdd0ce26e0 nmethod 7289 0x000001fdbb8fb810 code [0x000001fdbb8fba20, 0x000001fdbb8fbf60]
Event: 38.233 Thread 0x000001fdd0ce26e0 7290       1       java.util.concurrent.atomic.AtomicInteger::get (5 bytes)
Event: 38.233 Thread 0x000001fdd0ce26e0 nmethod 7290 0x000001fdc308d510 code [0x000001fdc308d6a0, 0x000001fdc308d768]

GC Heap History (20 events):
Event: 2.850 GC heap before
{Heap before GC invocations=2 (full 0):
 garbage-first heap   total 196608K, used 41012K [0x0000000741600000, 0x0000000800000000)
  region size 2048K, 20 young (40960K), 1 survivors (2048K)
 Metaspace       used 11799K, committed 12096K, reserved 1114112K
  class space    used 1383K, committed 1536K, reserved 1048576K
}
Event: 2.858 GC heap after
{Heap after GC invocations=3 (full 0):
 garbage-first heap   total 196608K, used 6168K [0x0000000741600000, 0x0000000800000000)
  region size 2048K, 2 young (4096K), 2 survivors (4096K)
 Metaspace       used 11799K, committed 12096K, reserved 1114112K
  class space    used 1383K, committed 1536K, reserved 1048576K
}
Event: 11.665 GC heap before
{Heap before GC invocations=3 (full 0):
 garbage-first heap   total 196608K, used 118808K [0x0000000741600000, 0x0000000800000000)
  region size 2048K, 57 young (116736K), 2 survivors (4096K)
 Metaspace       used 16867K, committed 17152K, reserved 1114112K
  class space    used 1892K, committed 2048K, reserved 1048576K
}
Event: 11.693 GC heap after
{Heap after GC invocations=4 (full 0):
 garbage-first heap   total 196608K, used 16145K [0x0000000741600000, 0x0000000800000000)
  region size 2048K, 7 young (14336K), 7 survivors (14336K)
 Metaspace       used 16867K, committed 17152K, reserved 1114112K
  class space    used 1892K, committed 2048K, reserved 1048576K
}
Event: 26.121 GC heap before
{Heap before GC invocations=4 (full 0):
 garbage-first heap   total 196608K, used 98065K [0x0000000741600000, 0x0000000800000000)
  region size 2048K, 47 young (96256K), 7 survivors (14336K)
 Metaspace       used 21167K, committed 21504K, reserved 1114112K
  class space    used 2343K, committed 2496K, reserved 1048576K
}
Event: 26.146 GC heap after
{Heap after GC invocations=5 (full 0):
 garbage-first heap   total 196608K, used 23122K [0x0000000741600000, 0x0000000800000000)
  region size 2048K, 2 young (4096K), 2 survivors (4096K)
 Metaspace       used 21167K, committed 21504K, reserved 1114112K
  class space    used 2343K, committed 2496K, reserved 1048576K
}
Event: 27.784 GC heap before
{Heap before GC invocations=6 (full 0):
 garbage-first heap   total 90112K, used 74322K [0x0000000741600000, 0x0000000800000000)
  region size 2048K, 26 young (53248K), 2 survivors (4096K)
 Metaspace       used 26805K, committed 27200K, reserved 1114112K
  class space    used 2988K, committed 3136K, reserved 1048576K
}
Event: 27.813 GC heap after
{Heap after GC invocations=7 (full 0):
 garbage-first heap   total 102400K, used 43116K [0x0000000741600000, 0x0000000800000000)
  region size 2048K, 4 young (8192K), 4 survivors (8192K)
 Metaspace       used 26805K, committed 27200K, reserved 1114112K
  class space    used 2988K, committed 3136K, reserved 1048576K
}
Event: 29.157 GC heap before
{Heap before GC invocations=7 (full 0):
 garbage-first heap   total 102400K, used 77932K [0x0000000741600000, 0x0000000800000000)
  region size 2048K, 22 young (45056K), 4 survivors (8192K)
 Metaspace       used 28894K, committed 29312K, reserved 1114112K
  class space    used 3231K, committed 3392K, reserved 1048576K
}
Event: 29.174 GC heap after
{Heap after GC invocations=8 (full 0):
 garbage-first heap   total 102400K, used 46905K [0x0000000741600000, 0x0000000800000000)
  region size 2048K, 2 young (4096K), 2 survivors (4096K)
 Metaspace       used 28894K, committed 29312K, reserved 1114112K
  class space    used 3231K, committed 3392K, reserved 1048576K
}
Event: 33.388 GC heap before
{Heap before GC invocations=8 (full 0):
 garbage-first heap   total 102400K, used 85817K [0x0000000741600000, 0x0000000800000000)
  region size 2048K, 20 young (40960K), 2 survivors (4096K)
 Metaspace       used 29763K, committed 30208K, reserved 1114112K
  class space    used 3330K, committed 3520K, reserved 1048576K
}
Event: 33.405 GC heap after
{Heap after GC invocations=9 (full 0):
 garbage-first heap   total 102400K, used 59124K [0x0000000741600000, 0x0000000800000000)
  region size 2048K, 3 young (6144K), 3 survivors (6144K)
 Metaspace       used 29763K, committed 30208K, reserved 1114112K
  class space    used 3330K, committed 3520K, reserved 1048576K
}
Event: 33.930 GC heap before
{Heap before GC invocations=9 (full 0):
 garbage-first heap   total 102400K, used 83700K [0x0000000741600000, 0x0000000800000000)
  region size 2048K, 16 young (32768K), 3 survivors (6144K)
 Metaspace       used 29834K, committed 30208K, reserved 1114112K
  class space    used 3331K, committed 3520K, reserved 1048576K
}
Event: 33.945 GC heap after
{Heap after GC invocations=10 (full 0):
 garbage-first heap   total 102400K, used 69632K [0x0000000741600000, 0x0000000800000000)
  region size 2048K, 2 young (4096K), 2 survivors (4096K)
 Metaspace       used 29834K, committed 30208K, reserved 1114112K
  class space    used 3331K, committed 3520K, reserved 1048576K
}
Event: 34.610 GC heap before
{Heap before GC invocations=11 (full 0):
 garbage-first heap   total 120832K, used 88064K [0x0000000741600000, 0x0000000800000000)
  region size 2048K, 11 young (22528K), 2 survivors (4096K)
 Metaspace       used 29835K, committed 30208K, reserved 1114112K
  class space    used 3331K, committed 3520K, reserved 1048576K
}
Event: 34.620 GC heap after
{Heap after GC invocations=12 (full 0):
 garbage-first heap   total 120832K, used 76552K [0x0000000741600000, 0x0000000800000000)
  region size 2048K, 2 young (4096K), 2 survivors (4096K)
 Metaspace       used 29835K, committed 30208K, reserved 1114112K
  class space    used 3331K, committed 3520K, reserved 1048576K
}
Event: 35.391 GC heap before
{Heap before GC invocations=12 (full 0):
 garbage-first heap   total 120832K, used 97032K [0x0000000741600000, 0x0000000800000000)
  region size 2048K, 13 young (26624K), 2 survivors (4096K)
 Metaspace       used 30391K, committed 30784K, reserved 1114112K
  class space    used 3395K, committed 3584K, reserved 1048576K
}
Event: 35.408 GC heap after
{Heap after GC invocations=13 (full 0):
 garbage-first heap   total 145408K, used 71025K [0x0000000741600000, 0x0000000800000000)
  region size 2048K, 2 young (4096K), 2 survivors (4096K)
 Metaspace       used 30391K, committed 30784K, reserved 1114112K
  class space    used 3395K, committed 3584K, reserved 1048576K
}
Event: 37.459 GC heap before
{Heap before GC invocations=13 (full 0):
 garbage-first heap   total 145408K, used 107889K [0x0000000741600000, 0x0000000800000000)
  region size 2048K, 21 young (43008K), 2 survivors (4096K)
 Metaspace       used 32627K, committed 32960K, reserved 1114112K
  class space    used 3599K, committed 3776K, reserved 1048576K
}
Event: 37.467 GC heap after
{Heap after GC invocations=14 (full 0):
 garbage-first heap   total 145408K, used 70637K [0x0000000741600000, 0x0000000800000000)
  region size 2048K, 2 young (4096K), 2 survivors (4096K)
 Metaspace       used 32627K, committed 32960K, reserved 1114112K
  class space    used 3599K, committed 3776K, reserved 1048576K
}

Dll operation events (12 events):
Event: 0.015 Loaded shared library C:\Extrenal_installation\Java21\jdk-21.0.5\bin\java.dll
Event: 0.079 Loaded shared library C:\Extrenal_installation\Java21\jdk-21.0.5\bin\jsvml.dll
Event: 0.176 Loaded shared library C:\Extrenal_installation\Java21\jdk-21.0.5\bin\zip.dll
Event: 0.182 Loaded shared library C:\Extrenal_installation\Java21\jdk-21.0.5\bin\instrument.dll
Event: 0.190 Loaded shared library C:\Extrenal_installation\Java21\jdk-21.0.5\bin\net.dll
Event: 0.193 Loaded shared library C:\Extrenal_installation\Java21\jdk-21.0.5\bin\nio.dll
Event: 0.199 Loaded shared library C:\Extrenal_installation\Java21\jdk-21.0.5\bin\zip.dll
Event: 0.223 Loaded shared library C:\Extrenal_installation\IntellijComm\IntelliJ IDEA Community Edition 2024.3.2.1\bin\breakgen64.dll
Event: 0.239 Loaded shared library C:\Extrenal_installation\Java21\jdk-21.0.5\bin\extnet.dll
Event: 0.434 Loaded shared library C:\Extrenal_installation\Java21\jdk-21.0.5\bin\jimage.dll
Event: 0.534 Loaded shared library C:\Users\Hp\AppData\Local\Temp\jansi-2.4.1-8205c198f207b37a-jansi.dll
Event: 0.550 Loaded shared library C:\Extrenal_installation\Java21\jdk-21.0.5\bin\verify.dll

Deoptimization events (20 events):
Event: 38.126 Thread 0x000001fe196c4280 Uncommon trap: trap_request=0xffffff45 fr.pc=0x000001fdc3115578 relative=0x0000000000000318
Event: 38.126 Thread 0x000001fe196c4280 Uncommon trap: reason=unstable_if action=reinterpret pc=0x000001fdc3115578 method=java.lang.AbstractStringBuilder.inflateIfNeededFor(Ljava/lang/String;)V @ 14 c2
Event: 38.126 Thread 0x000001fe196c4280 DEOPT PACKING pc=0x000001fdc3115578 sp=0x0000009b781ff030
Event: 38.126 Thread 0x000001fe196c4280 DEOPT UNPACKING pc=0x000001fdc2a946a2 sp=0x0000009b781fef28 mode 2
Event: 38.126 Thread 0x000001fe196c4280 Uncommon trap: trap_request=0xffffff45 fr.pc=0x000001fdc3019298 relative=0x00000000000000f8
Event: 38.127 Thread 0x000001fe196c4280 Uncommon trap: reason=unstable_if action=reinterpret pc=0x000001fdc3019298 method=java.lang.String.getBytes([BIB)V @ 5 c2
Event: 38.127 Thread 0x000001fe196c4280 DEOPT PACKING pc=0x000001fdc3019298 sp=0x0000009b781fef50
Event: 38.127 Thread 0x000001fe196c4280 DEOPT UNPACKING pc=0x000001fdc2a946a2 sp=0x0000009b781fef18 mode 2
Event: 38.127 Thread 0x000001fe196c4280 Uncommon trap: trap_request=0xffffff45 fr.pc=0x000001fdc30b5690 relative=0x0000000000000550
Event: 38.127 Thread 0x000001fe196c4280 Uncommon trap: reason=unstable_if action=reinterpret pc=0x000001fdc30b5690 method=java.lang.String.<init>(Ljava/lang/AbstractStringBuilder;Ljava/lang/Void;)V @ 19 c2
Event: 38.127 Thread 0x000001fe196c4280 DEOPT PACKING pc=0x000001fdc30b5690 sp=0x0000009b781ff090
Event: 38.127 Thread 0x000001fe196c4280 DEOPT UNPACKING pc=0x000001fdc2a946a2 sp=0x0000009b781fef88 mode 2
Event: 38.127 Thread 0x000001fe196c4280 Uncommon trap: trap_request=0xffffff45 fr.pc=0x000001fdc315e4ec relative=0x00000000000000cc
Event: 38.127 Thread 0x000001fe196c4280 Uncommon trap: reason=unstable_if action=reinterpret pc=0x000001fdc315e4ec method=java.lang.String.codePointAt(I)I @ 4 c2
Event: 38.127 Thread 0x000001fe196c4280 DEOPT PACKING pc=0x000001fdc315e4ec sp=0x0000009b781ff010
Event: 38.127 Thread 0x000001fe196c4280 DEOPT UNPACKING pc=0x000001fdc2a946a2 sp=0x0000009b781fef98 mode 2
Event: 38.127 Thread 0x000001fe196c4280 Uncommon trap: trap_request=0xffffffc6 fr.pc=0x000001fdc31b4d88 relative=0x00000000000002c8
Event: 38.127 Thread 0x000001fe196c4280 Uncommon trap: reason=bimorphic_or_optimized_type_check action=maybe_recompile pc=0x000001fdc31b4d88 method=java.util.regex.Matcher.getTextLength()I @ 4 c2
Event: 38.127 Thread 0x000001fe196c4280 DEOPT PACKING pc=0x000001fdc31b4d88 sp=0x0000009b781ff100
Event: 38.127 Thread 0x000001fe196c4280 DEOPT UNPACKING pc=0x000001fdc2a946a2 sp=0x0000009b781ff030 mode 2

Classes loaded (20 events):
Event: 38.063 Loading class jdk/internal/logger/LoggerFinderLoader
Event: 38.063 Loading class jdk/internal/logger/LoggerFinderLoader done
Event: 38.072 Loading class jdk/internal/logger/LoggerFinderLoader$TemporaryLoggerFinder
Event: 38.072 Loading class jdk/internal/logger/LoggerFinderLoader$TemporaryLoggerFinder done
Event: 38.072 Loading class sun/util/logging/internal/LoggingProviderImpl$JULWrapper
Event: 38.072 Loading class sun/util/logging/PlatformLogger$ConfigurableBridge$LoggerConfiguration
Event: 38.073 Loading class sun/util/logging/PlatformLogger$ConfigurableBridge$LoggerConfiguration done
Event: 38.073 Loading class sun/util/logging/internal/LoggingProviderImpl$JULWrapper done
Event: 38.073 Loading class java/lang/System$Logger$Level
Event: 38.073 Loading class java/lang/System$Logger$Level done
Event: 38.076 Loading class java/nio/channels/ClosedChannelException
Event: 38.076 Loading class java/nio/channels/ClosedChannelException done
Event: 38.080 Loading class java/nio/channels/NonReadableChannelException
Event: 38.081 Loading class java/nio/channels/NonReadableChannelException done
Event: 38.082 Loading class java/nio/channels/NonWritableChannelException
Event: 38.082 Loading class java/nio/channels/NonWritableChannelException done
Event: 38.120 Loading class java/util/Scanner
Event: 38.122 Loading class java/util/Scanner done
Event: 38.125 Loading class java/util/Scanner$PatternLRUCache
Event: 38.125 Loading class java/util/Scanner$PatternLRUCache done

Classes unloaded (0 events):
No events

Classes redefined (0 events):
No events

Internal exceptions (20 events):
Event: 36.044 Thread 0x000001fdb18af2c0 Exception <a 'sun/nio/fs/WindowsException'{0x0000000748d98f50}> (0x0000000748d98f50) 
thrown [s\open\src\hotspot\share\prims\jni.cpp, line 520]
Event: 36.045 Thread 0x000001fdb18af2c0 Exception <a 'sun/nio/fs/WindowsException'{0x0000000748d999c8}> (0x0000000748d999c8) 
thrown [s\open\src\hotspot\share\prims\jni.cpp, line 520]
Event: 36.045 Thread 0x000001fdb18af2c0 Exception <a 'sun/nio/fs/WindowsException'{0x0000000748d9a4f8}> (0x0000000748d9a4f8) 
thrown [s\open\src\hotspot\share\prims\jni.cpp, line 520]
Event: 36.049 Thread 0x000001fdb18af2c0 Exception <a 'sun/nio/fs/WindowsException'{0x0000000748dbb118}> (0x0000000748dbb118) 
thrown [s\open\src\hotspot\share\prims\jni.cpp, line 520]
Event: 36.049 Thread 0x000001fdb18af2c0 Exception <a 'sun/nio/fs/WindowsException'{0x0000000748dbbb90}> (0x0000000748dbbb90) 
thrown [s\open\src\hotspot\share\prims\jni.cpp, line 520]
Event: 36.049 Thread 0x000001fdb18af2c0 Exception <a 'sun/nio/fs/WindowsException'{0x0000000748dbc6c0}> (0x0000000748dbc6c0) 
thrown [s\open\src\hotspot\share\prims\jni.cpp, line 520]
Event: 36.062 Thread 0x000001fdb18af2c0 Exception <a 'sun/nio/fs/WindowsException'{0x0000000748aa3c18}> (0x0000000748aa3c18) 
thrown [s\open\src\hotspot\share\prims\jni.cpp, line 520]
Event: 36.068 Thread 0x000001fdb18af2c0 Exception <a 'sun/nio/fs/WindowsException'{0x0000000748abdf80}> (0x0000000748abdf80) 
thrown [s\open\src\hotspot\share\prims\jni.cpp, line 520]
Event: 36.074 Thread 0x000001fdb18af2c0 Exception <a 'sun/nio/fs/WindowsException'{0x0000000748adbce8}> (0x0000000748adbce8) 
thrown [s\open\src\hotspot\share\prims\jni.cpp, line 520]
Event: 36.074 Thread 0x000001fdb18af2c0 Exception <a 'sun/nio/fs/WindowsException'{0x0000000748adc490}> (0x0000000748adc490) 
thrown [s\open\src\hotspot\share\prims\jni.cpp, line 520]
Event: 36.074 Thread 0x000001fdb18af2c0 Exception <a 'sun/nio/fs/WindowsException'{0x0000000748adca60}> (0x0000000748adca60) 
thrown [s\open\src\hotspot\share\prims\jni.cpp, line 520]
Event: 36.074 Thread 0x000001fdb18af2c0 Exception <a 'sun/nio/fs/WindowsException'{0x0000000748add1d8}> (0x0000000748add1d8) 
thrown [s\open\src\hotspot\share\prims\jni.cpp, line 520]
Event: 36.074 Thread 0x000001fdb18af2c0 Exception <a 'sun/nio/fs/WindowsException'{0x0000000748add938}> (0x0000000748add938) 
thrown [s\open\src\hotspot\share\prims\jni.cpp, line 520]
Event: 37.426 Thread 0x000001fe16cc75b0 Exception <a 'java/lang/NoSuchMethodError'{0x0000000747969c28}: 'java.lang.Object java.lang.invoke.DirectMethodHandle$Holder.invokeStatic(java.lang.Object, long, java.lang.Object)'> (0x0000000747969c28) 
thrown [s\open\src\hotspot\share\interpreter\linkResolver.cpp, line 773]
Event: 37.426 Thread 0x000001fe16cc75b0 Exception <a 'java/lang/NoSuchMethodError'{0x000000074796d110}: 'java.lang.Object java.lang.invoke.DirectMethodHandle$Holder.invokeStaticInit(java.lang.Object, long, java.lang.Object)'> (0x000000074796d110) 
thrown [s\open\src\hotspot\share\interpreter\linkResolver.cpp, line 773]
Event: 37.427 Thread 0x000001fe16cc75b0 Exception <a 'java/lang/NoSuchMethodError'{0x0000000747972528}: 'java.lang.Object java.lang.invoke.DirectMethodHandle$Holder.newInvokeSpecial(java.lang.Object, long)'> (0x0000000747972528) 
thrown [s\open\src\hotspot\share\interpreter\linkResolver.cpp, line 773]
Event: 37.432 Thread 0x000001fe16cc75b0 Exception <a 'java/lang/NoSuchMethodError'{0x0000000747976d10}: 'long java.lang.invoke.DirectMethodHandle$Holder.invokeInterface(java.lang.Object, java.lang.Object)'> (0x0000000747976d10) 
thrown [s\open\src\hotspot\share\interpreter\linkResolver.cpp, line 773]
Event: 37.432 Thread 0x000001fe16cc75b0 Exception <a 'java/lang/NoSuchMethodError'{0x000000074797a1d8}: 'long java.lang.invoke.DelegatingMethodHandle$Holder.reinvoke_L(java.lang.Object, java.lang.Object)'> (0x000000074797a1d8) 
thrown [s\open\src\hotspot\share\interpreter\linkResolver.cpp, line 773]
Event: 37.525 Thread 0x000001fdb18af2c0 Exception <a 'java/lang/NoSuchMethodError'{0x00000007ffcaa4e8}: 'java.lang.Object java.lang.invoke.DirectMethodHandle$Holder.invokeStaticInit(java.lang.Object, java.lang.Object, int, int, int, int)'> (0x00000007ffcaa4e8) 
thrown [s\open\src\hotspot\share\interpreter\linkResolver.cpp, line 773]
Event: 38.058 Thread 0x000001fdb18af2c0 Exception <a 'java/lang/NoSuchMethodError'{0x000000074936e578}: 'void java.lang.invoke.DirectMethodHandle$Holder.invokeStatic(java.lang.Object, long)'> (0x000000074936e578) 
thrown [s\open\src\hotspot\share\interpreter\linkResolver.cpp, line 773]

ZGC Phase Switch (0 events):
No events

VM Operations (20 events):
Event: 37.420 Executing VM operation: HandshakeAllThreads (Deoptimize)
Event: 37.432 Executing VM operation: HandshakeAllThreads (Deoptimize) done
Event: 37.432 Executing VM operation: Cleanup
Event: 37.434 Executing VM operation: Cleanup done
Event: 37.459 Executing VM operation: G1CollectForAllocation (G1 Evacuation Pause)
Event: 37.467 Executing VM operation: G1CollectForAllocation (G1 Evacuation Pause) done
Event: 37.827 Executing VM operation: HandshakeAllThreads (Deoptimize)
Event: 37.827 Executing VM operation: HandshakeAllThreads (Deoptimize) done
Event: 37.828 Executing VM operation: HandshakeAllThreads (Deoptimize)
Event: 37.828 Executing VM operation: HandshakeAllThreads (Deoptimize) done
Event: 37.873 Executing VM operation: HandshakeAllThreads (Deoptimize)
Event: 37.873 Executing VM operation: HandshakeAllThreads (Deoptimize) done
Event: 37.889 Executing VM operation: HandshakeAllThreads (Deoptimize)
Event: 37.889 Executing VM operation: HandshakeAllThreads (Deoptimize) done
Event: 37.915 Executing VM operation: HandshakeAllThreads (Deoptimize)
Event: 37.915 Executing VM operation: HandshakeAllThreads (Deoptimize) done
Event: 37.916 Executing VM operation: HandshakeAllThreads (Deoptimize)
Event: 37.916 Executing VM operation: HandshakeAllThreads (Deoptimize) done
Event: 38.061 Executing VM operation: HandshakeAllThreads (Deoptimize)
Event: 38.061 Executing VM operation: HandshakeAllThreads (Deoptimize) done

Events (20 events):
Event: 34.078 Thread 0x000001fdd0cb0130 flushing nmethod 0x000001fdbc081f10
Event: 34.078 Thread 0x000001fdd0cb0130 flushing nmethod 0x000001fdbc082490
Event: 34.078 Thread 0x000001fdd0cb0130 flushing nmethod 0x000001fdbc082a10
Event: 34.078 Thread 0x000001fdd0cb0130 flushing nmethod 0x000001fdbc084410
Event: 34.078 Thread 0x000001fdd0cb0130 flushing nmethod 0x000001fdbc084990
Event: 34.078 Thread 0x000001fdd0cb0130 flushing nmethod 0x000001fdbc084f10
Event: 35.196 Thread 0x000001fe1633c2f0 Thread exited: 0x000001fe1633c2f0
Event: 36.058 Thread 0x000001fe16cc75b0 Thread added: 0x000001fe16cc75b0
Event: 37.222 Thread 0x000001fe16cc75b0 Thread exited: 0x000001fe16cc75b0
Event: 37.368 Thread 0x000001fe16cc75b0 Thread added: 0x000001fe16cc75b0
Event: 37.388 Thread 0x000001fe168d8020 Thread added: 0x000001fe168d8020
Event: 37.434 Thread 0x000001fe16cc75b0 Thread exited: 0x000001fe16cc75b0
Event: 37.730 Thread 0x000001fe168d8020 Thread exited: 0x000001fe168d8020
Event: 37.783 Thread 0x000001fe16411480 Thread added: 0x000001fe16411480
Event: 37.790 Thread 0x000001fe16cc75b0 Thread added: 0x000001fe16cc75b0
Event: 37.930 Thread 0x000001fe192d87b0 Thread added: 0x000001fe192d87b0
Event: 38.012 Thread 0x000001fe1738da40 Thread added: 0x000001fe1738da40
Event: 38.114 Thread 0x000001fe196c4280 Thread added: 0x000001fe196c4280
Event: 38.115 Thread 0x000001fe180956e0 Thread added: 0x000001fe180956e0
Event: 38.132 Thread 0x000001fe196baf90 Thread added: 0x000001fe196baf90


Dynamic libraries:
0x00007ff6ce8b0000 - 0x00007ff6ce8c0000 	C:\Extrenal_installation\Java21\jdk-21.0.5\bin\java.exe
0x00007ff8c31f0000 - 0x00007ff8c3407000 	C:\WINDOWS\SYSTEM32\ntdll.dll
0x00007ff8c24c0000 - 0x00007ff8c2584000 	C:\WINDOWS\System32\KERNEL32.DLL
0x00007ff8c02e0000 - 0x00007ff8c06b2000 	C:\WINDOWS\System32\KERNELBASE.dll
0x00007ff8c0a70000 - 0x00007ff8c0b81000 	C:\WINDOWS\System32\ucrtbase.dll
0x00007ff8a7ca0000 - 0x00007ff8a7cbb000 	C:\Extrenal_installation\Java21\jdk-21.0.5\bin\VCRUNTIME140.dll
0x00007ff8a8b80000 - 0x00007ff8a8b99000 	C:\Extrenal_installation\Java21\jdk-21.0.5\bin\jli.dll
0x00007ff8c0ee0000 - 0x00007ff8c0f91000 	C:\WINDOWS\System32\ADVAPI32.dll
0x00007ff8c2590000 - 0x00007ff8c2637000 	C:\WINDOWS\System32\msvcrt.dll
0x00007ff8c1f80000 - 0x00007ff8c2028000 	C:\WINDOWS\System32\sechost.dll
0x00007ff8c0800000 - 0x00007ff8c0828000 	C:\WINDOWS\System32\bcrypt.dll
0x00007ff8c2370000 - 0x00007ff8c2484000 	C:\WINDOWS\System32\RPCRT4.dll
0x00007ff8c2ff0000 - 0x00007ff8c31a1000 	C:\WINDOWS\System32\USER32.dll
0x00007ff8c0a40000 - 0x00007ff8c0a66000 	C:\WINDOWS\System32\win32u.dll
0x00007ff8c2490000 - 0x00007ff8c24b9000 	C:\WINDOWS\System32\GDI32.dll
0x00007ff8c0b90000 - 0x00007ff8c0cb3000 	C:\WINDOWS\System32\gdi32full.dll
0x00007ff8ab9e0000 - 0x00007ff8abc7b000 	C:\WINDOWS\WinSxS\amd64_microsoft.windows.common-controls_6595b64144ccf1df_6.0.22621.5547_none_27104afb73855772\COMCTL32.dll
0x00007ff8c0830000 - 0x00007ff8c08ca000 	C:\WINDOWS\System32\msvcp_win.dll
0x00007ff8b89f0000 - 0x00007ff8b89fa000 	C:\WINDOWS\SYSTEM32\VERSION.dll
0x00007ff8c2d30000 - 0x00007ff8c2d61000 	C:\WINDOWS\System32\IMM32.DLL
0x00007ff8a8b70000 - 0x00007ff8a8b7c000 	C:\Extrenal_installation\Java21\jdk-21.0.5\bin\vcruntime140_1.dll
0x00007ff8a7c10000 - 0x00007ff8a7c9e000 	C:\Extrenal_installation\Java21\jdk-21.0.5\bin\msvcp140.dll
0x00007ff832a50000 - 0x00007ff833768000 	C:\Extrenal_installation\Java21\jdk-21.0.5\bin\server\jvm.dll
0x00007ff8c28f0000 - 0x00007ff8c2961000 	C:\WINDOWS\System32\WS2_32.dll
0x00007ff8c01b0000 - 0x00007ff8c01fd000 	C:\WINDOWS\SYSTEM32\POWRPROF.dll
0x00007ff8b8ba0000 - 0x00007ff8b8bd4000 	C:\WINDOWS\SYSTEM32\WINMM.dll
0x00007ff8c0190000 - 0x00007ff8c01a3000 	C:\WINDOWS\SYSTEM32\UMPDC.dll
0x00007ff8bf2d0000 - 0x00007ff8bf2e8000 	C:\WINDOWS\SYSTEM32\kernel.appcore.dll
0x00007ff8a8880000 - 0x00007ff8a888a000 	C:\Extrenal_installation\Java21\jdk-21.0.5\bin\jimage.dll
0x00007ff8bdd20000 - 0x00007ff8bdf53000 	C:\WINDOWS\SYSTEM32\DBGHELP.DLL
0x00007ff8c2970000 - 0x00007ff8c2d03000 	C:\WINDOWS\System32\combase.dll
0x00007ff8c18a0000 - 0x00007ff8c1977000 	C:\WINDOWS\System32\OLEAUT32.dll
0x00007ff8aa200000 - 0x00007ff8aa232000 	C:\WINDOWS\SYSTEM32\dbgcore.DLL
0x00007ff8c0cc0000 - 0x00007ff8c0d3b000 	C:\WINDOWS\System32\bcryptPrimitives.dll
0x00007ff8abdc0000 - 0x00007ff8abdcf000 	C:\Extrenal_installation\Java21\jdk-21.0.5\bin\instrument.dll
0x00007ff8a7be0000 - 0x00007ff8a7bff000 	C:\Extrenal_installation\Java21\jdk-21.0.5\bin\java.dll
0x00007ff8c0ff0000 - 0x00007ff8c1892000 	C:\WINDOWS\System32\SHELL32.dll
0x00007ff8c06c0000 - 0x00007ff8c07ff000 	C:\WINDOWS\System32\wintypes.dll
0x00007ff8be1c0000 - 0x00007ff8beadd000 	C:\WINDOWS\SYSTEM32\windows.storage.dll
0x00007ff8c21f0000 - 0x00007ff8c22fc000 	C:\WINDOWS\System32\SHCORE.dll
0x00007ff8c26e0000 - 0x00007ff8c2749000 	C:\WINDOWS\System32\shlwapi.dll
0x00007ff8c0210000 - 0x00007ff8c023b000 	C:\WINDOWS\SYSTEM32\profapi.dll
0x00007ff8a7b00000 - 0x00007ff8a7bd7000 	C:\Extrenal_installation\Java21\jdk-21.0.5\bin\jsvml.dll
0x00007ff8a7ae0000 - 0x00007ff8a7af8000 	C:\Extrenal_installation\Java21\jdk-21.0.5\bin\zip.dll
0x00007ff8a7ad0000 - 0x00007ff8a7ae0000 	C:\Extrenal_installation\Java21\jdk-21.0.5\bin\net.dll
0x00007ff8b9670000 - 0x00007ff8b979c000 	C:\WINDOWS\SYSTEM32\WINHTTP.dll
0x00007ff8bf740000 - 0x00007ff8bf7a9000 	C:\WINDOWS\system32\mswsock.dll
0x00007ff8a7ab0000 - 0x00007ff8a7ac6000 	C:\Extrenal_installation\Java21\jdk-21.0.5\bin\nio.dll
0x00007ff8a7a90000 - 0x00007ff8a7aaa000 	C:\Extrenal_installation\IntellijComm\IntelliJ IDEA Community Edition 2024.3.2.1\bin\breakgen64.dll
0x00007ff8a7a80000 - 0x00007ff8a7a89000 	C:\Extrenal_installation\Java21\jdk-21.0.5\bin\extnet.dll
0x00007ff8945b0000 - 0x00007ff8945d4000 	C:\Users\Hp\AppData\Local\Temp\jansi-2.4.1-8205c198f207b37a-jansi.dll
0x00007ff8a7a40000 - 0x00007ff8a7a50000 	C:\Extrenal_installation\Java21\jdk-21.0.5\bin\verify.dll
0x00007ff8bfa90000 - 0x00007ff8bfaab000 	C:\WINDOWS\SYSTEM32\CRYPTSP.dll
0x00007ff8bf230000 - 0x00007ff8bf267000 	C:\WINDOWS\system32\rsaenh.dll
0x00007ff8bf7e0000 - 0x00007ff8bf808000 	C:\WINDOWS\SYSTEM32\USERENV.dll
0x00007ff8bfa70000 - 0x00007ff8bfa7c000 	C:\WINDOWS\SYSTEM32\CRYPTBASE.dll
0x00007ff8bed40000 - 0x00007ff8bed6d000 	C:\WINDOWS\SYSTEM32\IPHLPAPI.DLL
0x00007ff8c2640000 - 0x00007ff8c2649000 	C:\WINDOWS\System32\NSI.dll

dbghelp: loaded successfully - version: 4.0.5 - missing functions: none
symbol engine: initialized successfully - sym options: 0x614 - pdb path: .;C:\Extrenal_installation\Java21\jdk-21.0.5\bin;C:\WINDOWS\SYSTEM32;C:\WINDOWS\WinSxS\amd64_microsoft.windows.common-controls_6595b64144ccf1df_6.0.22621.5547_none_27104afb73855772;C:\Extrenal_installation\Java21\jdk-21.0.5\bin\server;C:\Extrenal_installation\IntellijComm\IntelliJ IDEA Community Edition 2024.3.2.1\bin;C:\Users\Hp\AppData\Local\Temp

VM Arguments:
jvm_args: -Dmaven.multiModuleProjectDirectory=D:\Java Coding\Java Full Stack Spring Boot AI Microservice Project\gateway -Djansi.passthrough=true -Dmaven.home=C:\Extrenal_installation\IntellijComm\IntelliJ IDEA Community Edition 2024.3.2.1\plugins\maven\lib\maven3 -Dclassworlds.conf=C:\Extrenal_installation\IntellijComm\IntelliJ IDEA Community Edition 2024.3.2.1\plugins\maven\lib\maven3\bin\m2.conf -Dmaven.ext.class.path=C:\Extrenal_installation\IntellijComm\IntelliJ IDEA Community Edition 2024.3.2.1\plugins\maven\lib\maven-event-listener.jar -javaagent:C:\Extrenal_installation\IntellijComm\IntelliJ IDEA Community Edition 2024.3.2.1\lib\idea_rt.jar=59943:C:\Extrenal_installation\IntellijComm\IntelliJ IDEA Community Edition 2024.3.2.1\bin -Dfile.encoding=UTF-8 -Dsun.stdout.encoding=UTF-8 -Dsun.stderr.encoding=UTF-8 
java_command: org.codehaus.classworlds.Launcher -Didea.version=2024.3.2.2 install
java_class_path (initial): C:\Extrenal_installation\IntellijComm\IntelliJ IDEA Community Edition 2024.3.2.1\plugins\maven\lib\maven3\boot\plexus-classworlds-2.8.0.jar;C:\Extrenal_installation\IntellijComm\IntelliJ IDEA Community Edition 2024.3.2.1\plugins\maven\lib\maven3\boot\plexus-classworlds.license
Launcher Type: SUN_STANDARD

[Global flags]
     intx CICompilerCount                          = 3                                         {product} {ergonomic}
     uint ConcGCThreads                            = 1                                         {product} {ergonomic}
     uint G1ConcRefinementThreads                  = 4                                         {product} {ergonomic}
   size_t G1HeapRegionSize                         = 2097152                                   {product} {ergonomic}
    uintx GCDrainStackTargetSize                   = 64                                        {product} {ergonomic}
   size_t InitialHeapSize                          = 201326592                                 {product} {ergonomic}
   size_t MarkStackSize                            = 4194304                                   {product} {ergonomic}
   size_t MaxHeapSize                              = 3198156800                                {product} {ergonomic}
   size_t MaxNewSize                               = 1918894080                                {product} {ergonomic}
   size_t MinHeapDeltaBytes                        = 2097152                                   {product} {ergonomic}
   size_t MinHeapSize                              = 8388608                                   {product} {ergonomic}
    uintx NonNMethodCodeHeapSize                   = 5832780                                {pd product} {ergonomic}
    uintx NonProfiledCodeHeapSize                  = 122912730                              {pd product} {ergonomic}
    uintx ProfiledCodeHeapSize                     = 122912730                              {pd product} {ergonomic}
    uintx ReservedCodeCacheSize                    = 251658240                              {pd product} {ergonomic}
     bool SegmentedCodeCache                       = true                                      {product} {ergonomic}
   size_t SoftMaxHeapSize                          = 3198156800                             {manageable} {ergonomic}
     bool UseCompressedOops                        = true                           {product lp64_product} {ergonomic}
     bool UseG1GC                                  = true                                      {product} {ergonomic}
     bool UseLargePagesIndividualAllocation        = false                                  {pd product} {ergonomic}

Logging:
Log output configuration:
 #0: stdout all=warning uptime,level,tags foldmultilines=false
 #1: stderr all=off uptime,level,tags foldmultilines=false

Environment Variables:
JAVA_HOME=C:\Extrenal_installation\Java21\jdk-21.0.5
PATH=c:\Users\Hp\cursor\resources\app\bin;C:\Extrenal_installation\Python313\Scripts\;C:\Extrenal_installation\Python313\;C:\oraclexe\app\oracle\product\11.2.0\server\bin;C:\Users\Hp\Downloads\WINDOWS.X64_213000_db_home\bin;C:\WINDOWS\system32;C:\WINDOWS;C:\WINDOWS\System32\Wbem;C:\WINDOWS\System32\WindowsPowerShell\v1.0\;C:\WINDOWS\System32\OpenSSH\;C:\MinGW\bin;C:\Program Files\MySQL\MySQL Server 8.0\bin;C:\Users\Hp\AppData\Local\Microsoft\WindowsApps;C:\Program Files\Apache\maven-3.9.9\apache-maven-3.9.9\bin;C:\Program Files\Apache Software Foundation\Tomcat 11.0\bin;C:\Extrenal_installation\Java21\jdk-21.0.5\bin;C:\Program Files\nodejs\;C:\ProgramData\chocolatey\bin;C:\Program Files\Git\cmd;C:\Users\Hp\AppData\Local\Microsoft\WindowsApps;C:\Extrenal_installation\Java21\jdk-21.0.5\bin;C:\Mongosh\;C:\Program Files\heroku\bin;C:\Users\Hp\AppData\Roaming\npm;C:\Users\Hp\cursor\resources\app\bin;c:\Users\Hp\cursor\resources\app\bin;C:\Program Files\Docker\Docker\resources\bin;C:\Users\Hp\AppData\Local\Microsoft\WindowsApps;D:\Microsoft VS Code\bin;C:\Extrenal_installation\Java21\jdk-21.0.5\bin;C:\Mongosh\;C:\Program Files\heroku\bin;C:\Users\Hp\AppData\Roaming\npm;C:\Users\Hp\cursor\resources\app\bin
USERNAME=Hp
OS=Windows_NT
PROCESSOR_IDENTIFIER=Intel64 Family 6 Model 142 Stepping 10, GenuineIntel
TMP=C:\Users\Hp\AppData\Local\Temp
TEMP=C:\Users\Hp\AppData\Local\Temp




Periodic native trim disabled

---------------  S Y S T E M  ---------------

OS:
 Windows 11 , 64 bit Build 22621 (10.0.22621.5415)
OS uptime: 0 days 2:04 hours
Hyper-V role detected

CPU: total 4 (initial active 4) (2 cores per cpu, 2 threads per core) family 6 model 142 stepping 10 microcode 0xe0, cx8, cmov, fxsr, ht, mmx, 3dnowpref, sse, sse2, sse3, ssse3, sse4.1, sse4.2, popcnt, lzcnt, tsc, tscinvbit, avx, avx2, aes, erms, clmul, bmi1, bmi2, adx, fma, vzeroupper, clflush, clflushopt, hv, rdtscp, f16c
Processor Information for all 4 processors :
  Max Mhz: 2300, Current Mhz: 2300, Mhz Limit: 2300

Memory: 4k page, system-wide physical 12199M (376M free)
TotalPageFile size 21343M (AvailPageFile size 0M)
current process WorkingSet (physical memory assigned to process): 387M, peak: 387M
current process commit charge ("private bytes"): 414M, peak: 417M

vm_info: Java HotSpot(TM) 64-Bit Server VM (21.0.5+9-LTS-239) for windows-amd64 JRE (21.0.5+9-LTS-239), built on 2024-09-30T05:17:38Z by "mach5one" with MS VC++ 17.6 (VS2022)

END.
