#
# There is insufficient memory for the Java Runtime Environment to continue.
# Native memory allocation (malloc) failed to allocate 1711856 bytes for Chunk::new
# Possible reasons:
#   The system is out of physical RAM or swap space
#   The process is running with CompressedOops enabled, and the Java Heap may be blocking the growth of the native heap
# Possible solutions:
#   Reduce memory load on the system
#   Increase physical memory or swap space
#   Check if swap backing store is full
#   Decrease Java heap size (-Xmx/-Xms)
#   Decrease number of Java threads
#   Decrease Java thread stack sizes (-Xss)
#   Set larger code cache with -XX:ReservedCodeCacheSize=
#   JVM is running with Zero Based Compressed Oops mode in which the Java heap is
#     placed in the first 32GB address space. The Java Heap base address is the
#     maximum limit for the native heap growth. Please use -XX:HeapBaseMinAddress
#     to set the Java Heap base and to place the Java Heap above 32GB virtual address.
# This output file may be truncated or incomplete.
#
#  Out of Memory Error (arena.cpp:168), pid=17460, tid=17612
#
# JRE version: Java(TM) SE Runtime Environment (21.0.5+9) (build 21.0.5+9-LTS-239)
# Java VM: Java HotSpot(TM) 64-Bit Server VM (21.0.5+9-LTS-239, mixed mode, sharing, tiered, compressed oops, compressed class ptrs, g1 gc, windows-amd64)
# No core dump will be written. Minidumps are not enabled by default on client versions of Windows
#

---------------  S U M M A R Y ------------

Command Line: C:\Users\Hp\AppData\Local\Temp\surefire11313607303276746391\surefirebooter-20250714092806610_3.jar C:\Users\Hp\AppData\Local\Temp\surefire11313607303276746391 2025-07-14T09-28-05_758-jvmRun1 surefire-20250714092806610_1tmp surefire_0-20250714092806610_2tmp

Host: Intel(R) Core(TM) i3-7020U CPU @ 2.30GHz, 4 cores, 11G,  Windows 11 , 64 bit Build 22621 (10.0.22621.5415)
Time: Mon Jul 14 09:37:29 2025 India Standard Time elapsed time: 562.618176 seconds (0d 0h 9m 22s)

---------------  T H R E A D  ---------------

Current thread (0x000001767f651110):  JavaThread "C2 CompilerThread0" daemon [_thread_in_native, id=17612, stack(0x00000069a5c00000,0x00000069a5d00000) (1024K)]


Current CompileTask:
C2: 562618 3346       4       org.springframework.boot.context.properties.source.ConfigurationPropertyName$ElementsParser::parse (235 bytes)

Stack: [0x00000069a5c00000,0x00000069a5d00000]
Native frames: (J=compiled Java code, j=interpreted, Vv=VM code, C=native code)
V  [jvm.dll+0x6ca289]
V  [jvm.dll+0x854a51]
V  [jvm.dll+0x856f7e]
V  [jvm.dll+0x857653]
V  [jvm.dll+0x27dd26]
V  [jvm.dll+0xc4c2d]
V  [jvm.dll+0xc5163]
V  [jvm.dll+0x3b4d02]
V  [jvm.dll+0x3814b5]
V  [jvm.dll+0x38092a]
V  [jvm.dll+0x246910]
V  [jvm.dll+0x245eef]
V  [jvm.dll+0x1c6d0e]
V  [jvm.dll+0x2554d9]
V  [jvm.dll+0x253a6a]
V  [jvm.dll+0x3ee136]
V  [jvm.dll+0x7fee9b]
V  [jvm.dll+0x6c896d]
C  [ucrtbase.dll+0x29333]
C  [KERNEL32.DLL+0x1259d]
C  [ntdll.dll+0x5af78]


---------------  P R O C E S S  ---------------

Threads class SMR info:
_java_thread_list=0x00000176631a9b00, length=13, elements={
0x000001767c19acf0, 0x000001767f644380, 0x000001767f645a50, 0x000001767f64b970,
0x000001767f64ee70, 0x000001767f64fb20, 0x000001767f650780, 0x000001767f651110,
0x000001767f652e40, 0x000001761c541480, 0x000001761c5499b0, 0x00000176625182a0,
0x00000176625225c0
}

Java Threads: ( => current thread )
  0x000001767c19acf0 JavaThread "main"                              [_thread_in_native, id=17388, stack(0x00000069a4e00000,0x00000069a4f00000) (1024K)]
  0x000001767f644380 JavaThread "Reference Handler"          daemon [_thread_blocked, id=15276, stack(0x00000069a5600000,0x00000069a5700000) (1024K)]
  0x000001767f645a50 JavaThread "Finalizer"                  daemon [_thread_blocked, id=11780, stack(0x00000069a5700000,0x00000069a5800000) (1024K)]
  0x000001767f64b970 JavaThread "Signal Dispatcher"          daemon [_thread_blocked, id=18328, stack(0x00000069a5800000,0x00000069a5900000) (1024K)]
  0x000001767f64ee70 JavaThread "Attach Listener"            daemon [_thread_blocked, id=18140, stack(0x00000069a5900000,0x00000069a5a00000) (1024K)]
  0x000001767f64fb20 JavaThread "Service Thread"             daemon [_thread_blocked, id=17272, stack(0x00000069a5a00000,0x00000069a5b00000) (1024K)]
  0x000001767f650780 JavaThread "Monitor Deflation Thread"   daemon [_thread_blocked, id=15476, stack(0x00000069a5b00000,0x00000069a5c00000) (1024K)]
=>0x000001767f651110 JavaThread "C2 CompilerThread0"         daemon [_thread_in_native, id=17612, stack(0x00000069a5c00000,0x00000069a5d00000) (1024K)]
  0x000001767f652e40 JavaThread "C1 CompilerThread0"         daemon [_thread_blocked, id=18144, stack(0x00000069a5d00000,0x00000069a5e00000) (1024K)]
  0x000001761c541480 JavaThread "Notification Thread"        daemon [_thread_blocked, id=6712, stack(0x00000069a5e00000,0x00000069a5f00000) (1024K)]
  0x000001761c5499b0 JavaThread "Common-Cleaner"             daemon [_thread_blocked, id=17620, stack(0x00000069a5f00000,0x00000069a6000000) (1024K)]
  0x00000176625182a0 JavaThread "surefire-forkedjvm-stream-flusher" daemon [_thread_blocked, id=1956, stack(0x00000069a6300000,0x00000069a6400000) (1024K)]
  0x00000176625225c0 JavaThread "surefire-forkedjvm-command-thread" daemon [_thread_in_native, id=3088, stack(0x00000069a6400000,0x00000069a6500000) (1024K)]
Total: 13

Other Threads:
  0x000001767f62c7d0 VMThread "VM Thread"                           [id=15052, stack(0x00000069a5500000,0x00000069a5600000) (1024K)]
  0x000001767f614870 WatcherThread "VM Periodic Task Thread"        [id=18232, stack(0x00000069a5400000,0x00000069a5500000) (1024K)]
  0x000001767e538420 WorkerThread "GC Thread#0"                     [id=18064, stack(0x00000069a4f00000,0x00000069a5000000) (1024K)]
  0x000001761c6c00c0 WorkerThread "GC Thread#1"                     [id=1036, stack(0x00000069a6000000,0x00000069a6100000) (1024K)]
  0x000001761c6c0460 WorkerThread "GC Thread#2"                     [id=17368, stack(0x00000069a6100000,0x00000069a6200000) (1024K)]
  0x00000176620808d0 WorkerThread "GC Thread#3"                     [id=11712, stack(0x00000069a6200000,0x00000069a6300000) (1024K)]
  0x000001767e545290 ConcurrentGCThread "G1 Main Marker"            [id=1996, stack(0x00000069a5000000,0x00000069a5100000) (1024K)]
  0x000001767e545f40 WorkerThread "G1 Conc#0"                       [id=17768, stack(0x00000069a5100000,0x00000069a5200000) (1024K)]
  0x000001767f4f10a0 ConcurrentGCThread "G1 Refine#0"               [id=8604, stack(0x00000069a5200000,0x00000069a5300000) (1024K)]
  0x000001767f4f1a70 ConcurrentGCThread "G1 Service"                [id=4020, stack(0x00000069a5300000,0x00000069a5400000) (1024K)]
Total: 10

Threads with active compile tasks:
C2 CompilerThread0   562693 3346       4       org.springframework.boot.context.properties.source.ConfigurationPropertyName$ElementsParser::parse (235 bytes)
Total: 1

VM state: not at safepoint (normal execution)

VM Mutex/Monitor currently owned by a thread: None

Heap address: 0x0000000741600000, size: 3050 MB, Compressed Oops mode: Zero based, Oop shift amount: 3

CDS archive(s) mapped at: [0x000001761d000000-0x000001761dc90000-0x000001761dc90000), size 13172736, SharedBaseAddress: 0x000001761d000000, ArchiveRelocationMode: 1.
Compressed class space mapped at: 0x000001761e000000-0x000001765e000000, reserved size: 1073741824
Narrow klass base: 0x000001761d000000, Narrow klass shift: 0, Narrow klass range: 0x100000000

GC Precious Log:
 CardTable entry size: 512
 Card Set container configuration: InlinePtr #cards 4 size 8 Array Of Cards #cards 16 size 48 Howl #buckets 8 coarsen threshold 3686 Howl Bitmap #cards 512 size 80 coarsen threshold 460 Card regions per heap region 1 cards per card region 4096
 CPUs: 4 total, 4 available
 Memory: 12199M
 Large Page Support: Disabled
 NUMA Support: Disabled
 Compressed Oops: Enabled (Zero based)
 Heap Region Size: 2M
 Heap Min Capacity: 8M
 Heap Initial Capacity: 192M
 Heap Max Capacity: 3050M
 Pre-touch: Disabled
 Parallel Workers: 4
 Concurrent Workers: 1
 Concurrent Refinement Workers: 4
 Periodic GC: Disabled

Heap:
 garbage-first heap   total 71680K, used 43748K [0x0000000741600000, 0x0000000800000000)
  region size 2048K, 12 young (24576K), 2 survivors (4096K)
 Metaspace       used 28885K, committed 29312K, reserved 1114112K
  class space    used 3759K, committed 3968K, reserved 1048576K

Heap Regions: E=young(eden), S=young(survivor), O=old, HS=humongous(starts), HC=humongous(continues), CS=collection set, F=free, TAMS=top-at-mark-start, PB=parsable bottom
|   0|0x0000000741600000, 0x0000000741800000, 0x0000000741800000|100%| O|  |TAMS 0x0000000741600000| PB 0x0000000741600000| Untracked 
|   1|0x0000000741800000, 0x0000000741a00000, 0x0000000741a00000|100%| O|  |TAMS 0x0000000741800000| PB 0x0000000741800000| Untracked 
|   2|0x0000000741a00000, 0x0000000741c00000, 0x0000000741c00000|100%| O|Cm|TAMS 0x0000000741a00000| PB 0x0000000741a00000| Complete 
|   3|0x0000000741c00000, 0x0000000741da18a0, 0x0000000741e00000| 81%| O|  |TAMS 0x0000000741c00000| PB 0x0000000741c00000| Untracked 
|   4|0x0000000741e00000, 0x0000000741e00000, 0x0000000742000000|  0%| F|  |TAMS 0x0000000741e00000| PB 0x0000000741e00000| Untracked 
|   5|0x0000000742000000, 0x0000000742200000, 0x0000000742200000|100%|HS|  |TAMS 0x0000000742000000| PB 0x0000000742000000| Complete 
|   6|0x0000000742200000, 0x0000000742400000, 0x0000000742400000|100%|HC|  |TAMS 0x0000000742200000| PB 0x0000000742200000| Complete 
|   7|0x0000000742400000, 0x0000000742600000, 0x0000000742600000|100%|HS|  |TAMS 0x0000000742400000| PB 0x0000000742400000| Complete 
|   8|0x0000000742600000, 0x0000000742800000, 0x0000000742800000|100%| O|  |TAMS 0x0000000742600000| PB 0x0000000742600000| Untracked 
|   9|0x0000000742800000, 0x0000000742a00000, 0x0000000742a00000|100%| O|  |TAMS 0x0000000742800000| PB 0x0000000742800000| Untracked 
|  10|0x0000000742a00000, 0x0000000742c00000, 0x0000000742c00000|100%| O|  |TAMS 0x0000000742a00000| PB 0x0000000742a00000| Untracked 
|  11|0x0000000742c00000, 0x0000000742e00000, 0x0000000742e00000|100%| O|  |TAMS 0x0000000742c00000| PB 0x0000000742c00000| Untracked 
|  12|0x0000000742e00000, 0x0000000742fa3400, 0x0000000743000000| 81%| O|  |TAMS 0x0000000742e00000| PB 0x0000000742e00000| Untracked 
|  13|0x0000000743000000, 0x0000000743200000, 0x0000000743200000|100%| S|CS|TAMS 0x0000000743000000| PB 0x0000000743000000| Complete 
|  14|0x0000000743200000, 0x0000000743200000, 0x0000000743400000|  0%| F|  |TAMS 0x0000000743200000| PB 0x0000000743200000| Untracked 
|  15|0x0000000743400000, 0x0000000743400000, 0x0000000743600000|  0%| F|  |TAMS 0x0000000743400000| PB 0x0000000743400000| Untracked 
|  16|0x0000000743600000, 0x0000000743600000, 0x0000000743800000|  0%| F|  |TAMS 0x0000000743600000| PB 0x0000000743600000| Untracked 
|  17|0x0000000743800000, 0x0000000743800000, 0x0000000743a00000|  0%| F|  |TAMS 0x0000000743800000| PB 0x0000000743800000| Untracked 
|  18|0x0000000743a00000, 0x0000000743a00000, 0x0000000743c00000|  0%| F|  |TAMS 0x0000000743a00000| PB 0x0000000743a00000| Untracked 
|  19|0x0000000743c00000, 0x0000000743c00000, 0x0000000743e00000|  0%| F|  |TAMS 0x0000000743c00000| PB 0x0000000743c00000| Untracked 
|  20|0x0000000743e00000, 0x0000000743e00000, 0x0000000744000000|  0%| F|  |TAMS 0x0000000743e00000| PB 0x0000000743e00000| Untracked 
|  21|0x0000000744000000, 0x0000000744000000, 0x0000000744200000|  0%| F|  |TAMS 0x0000000744000000| PB 0x0000000744000000| Untracked 
|  22|0x0000000744200000, 0x0000000744200000, 0x0000000744400000|  0%| F|  |TAMS 0x0000000744200000| PB 0x0000000744200000| Untracked 
|  23|0x0000000744400000, 0x0000000744400000, 0x0000000744600000|  0%| F|  |TAMS 0x0000000744400000| PB 0x0000000744400000| Untracked 
|  24|0x0000000744600000, 0x0000000744754d20, 0x0000000744800000| 66%| E|  |TAMS 0x0000000744600000| PB 0x0000000744600000| Complete 
|  25|0x0000000744800000, 0x0000000744a00000, 0x0000000744a00000|100%| E|  |TAMS 0x0000000744800000| PB 0x0000000744800000| Complete 
|  26|0x0000000744a00000, 0x0000000744c00000, 0x0000000744c00000|100%| E|CS|TAMS 0x0000000744a00000| PB 0x0000000744a00000| Complete 
|  27|0x0000000744c00000, 0x0000000744e00000, 0x0000000744e00000|100%| E|CS|TAMS 0x0000000744c00000| PB 0x0000000744c00000| Complete 
|  28|0x0000000744e00000, 0x0000000744f74460, 0x0000000745000000| 72%| S|CS|TAMS 0x0000000744e00000| PB 0x0000000744e00000| Complete 
|  58|0x0000000748a00000, 0x0000000748c00000, 0x0000000748c00000|100%| E|CS|TAMS 0x0000000748a00000| PB 0x0000000748a00000| Complete 
|  59|0x0000000748c00000, 0x0000000748e00000, 0x0000000748e00000|100%| E|CS|TAMS 0x0000000748c00000| PB 0x0000000748c00000| Complete 
|  60|0x0000000748e00000, 0x0000000749000000, 0x0000000749000000|100%| E|CS|TAMS 0x0000000748e00000| PB 0x0000000748e00000| Complete 
|  61|0x0000000749000000, 0x0000000749200000, 0x0000000749200000|100%| E|CS|TAMS 0x0000000749000000| PB 0x0000000749000000| Complete 
|  62|0x0000000749200000, 0x0000000749400000, 0x0000000749400000|100%| E|CS|TAMS 0x0000000749200000| PB 0x0000000749200000| Complete 
|  95|0x000000074d400000, 0x000000074d600000, 0x000000074d600000|100%| E|CS|TAMS 0x000000074d400000| PB 0x000000074d400000| Complete 

Card table byte_map: [0x000001767ebb0000,0x000001767f1b0000] _byte_map_base: 0x000001767b1a5000

Marking Bits: (CMBitMap*) 0x000001767e538b20
 Bits: [0x00000176173c0000, 0x000001761a368000)

Polling page: 0x000001767c410000

Metaspace:

Usage:
  Non-class:     24.54 MB used.
      Class:      3.67 MB used.
       Both:     28.21 MB used.

Virtual space:
  Non-class space:       64.00 MB reserved,      24.75 MB ( 39%) committed,  1 nodes.
      Class space:        1.00 GB reserved,       3.88 MB ( <1%) committed,  1 nodes.
             Both:        1.06 GB reserved,      28.62 MB (  3%) committed. 

Chunk freelists:
   Non-Class:  6.88 MB
       Class:  11.97 MB
        Both:  18.85 MB

MaxMetaspaceSize: unlimited
CompressedClassSpaceSize: 1.00 GB
Initial GC threshold: 21.00 MB
Current GC threshold: 35.25 MB
CDS: on
 - commit_granule_bytes: 65536.
 - commit_granule_words: 8192.
 - virtual_space_node_default_size: 8388608.
 - enlarge_chunks_in_place: 1.
 - use_allocation_guard: 0.


Internal statistics:

num_allocs_failed_limit: 3.
num_arena_births: 440.
num_arena_deaths: 0.
num_vsnodes_births: 2.
num_vsnodes_deaths: 0.
num_space_committed: 458.
num_space_uncommitted: 0.
num_chunks_returned_to_freelist: 3.
num_chunks_taken_from_freelist: 1404.
num_chunk_merges: 3.
num_chunk_splits: 959.
num_chunks_enlarged: 691.
num_inconsistent_stats: 0.

CodeHeap 'non-profiled nmethods': size=120000Kb used=1564Kb max_used=1564Kb free=118436Kb
 bounds [0x000001760fe90000, 0x0000017610100000, 0x00000176173c0000]
CodeHeap 'profiled nmethods': size=120000Kb used=6467Kb max_used=6467Kb free=113532Kb
 bounds [0x00000176083c0000, 0x0000017608a20000, 0x000001760f8f0000]
CodeHeap 'non-nmethods': size=5760Kb used=1483Kb max_used=1535Kb free=4277Kb
 bounds [0x000001760f8f0000, 0x000001760fb60000, 0x000001760fe90000]
 total_blobs=3954 nmethods=3396 adapters=462
 compilation: enabled
              stopped_count=0, restarted_count=0
 full_count=0

Compilation events (20 events):
Event: 562.480 Thread 0x000001767f652e40 3391       2       org.springframework.boot.env.OriginTrackedMapPropertySource::getProperty (25 bytes)
Event: 562.481 Thread 0x000001767f652e40 nmethod 3391 0x0000017608a07e90 code [0x0000017608a08060, 0x0000017608a082c8]
Event: 562.487 Thread 0x000001767f652e40 3393       3       org.springframework.core.env.MapPropertySource::getPropertyNames (16 bytes)
Event: 562.487 Thread 0x000001767f652e40 nmethod 3393 0x0000017608a08410 code [0x0000017608a08620, 0x0000017608a08d60]
Event: 562.503 Thread 0x000001767f652e40 3395       2       java.security.PermissionCollection::<init> (5 bytes)
Event: 562.503 Thread 0x000001767f652e40 nmethod 3395 0x0000017608a08f10 code [0x0000017608a090a0, 0x0000017608a091a8]
Event: 562.522 Thread 0x000001767f652e40 3396       2       java.lang.reflect.Method::getRoot (5 bytes)
Event: 562.523 Thread 0x000001767f652e40 nmethod 3396 0x0000017608a09210 code [0x0000017608a093a0, 0x0000017608a094b0]
Event: 562.577 Thread 0x000001767f652e40 3397       2       java.lang.PublicMethods::merge (81 bytes)
Event: 562.578 Thread 0x000001767f652e40 nmethod 3397 0x0000017608a09510 code [0x0000017608a09700, 0x0000017608a09b80]
Event: 562.578 Thread 0x000001767f652e40 3398       2       java.lang.PublicMethods$Key::<init> (24 bytes)
Event: 562.578 Thread 0x000001767f652e40 nmethod 3398 0x0000017608a09e10 code [0x0000017608a09fa0, 0x0000017608a0a180]
Event: 562.603 Thread 0x000001767f652e40 3399       2       org.springframework.core.ResolvableType::forType (17 bytes)
Event: 562.604 Thread 0x000001767f652e40 nmethod 3399 0x0000017608a0a210 code [0x0000017608a0a3c0, 0x0000017608a0a5d8]
Event: 562.605 Thread 0x000001767f652e40 3400       2       java.lang.StringLatin1::toChars (16 bytes)
Event: 562.605 Thread 0x000001767f652e40 nmethod 3400 0x0000017608a0a710 code [0x0000017608a0a8c0, 0x0000017608a0aa80]
Event: 562.608 Thread 0x000001767f652e40 3401       2       org.springframework.util.ClassUtils::resolvePrimitiveIfNecessary (37 bytes)
Event: 562.608 Thread 0x000001767f652e40 nmethod 3401 0x0000017608a0ab90 code [0x0000017608a0ad40, 0x0000017608a0af98]
Event: 562.610 Thread 0x000001767f652e40 3402       2       java.lang.reflect.Method::isVarArgs (5 bytes)
Event: 562.610 Thread 0x000001767f652e40 nmethod 3402 0x0000017608a0b110 code [0x0000017608a0b2a0, 0x0000017608a0b3c0]

GC Heap History (10 events):
Event: 0.779 GC heap before
{Heap before GC invocations=0 (full 0):
 garbage-first heap   total 196608K, used 10240K [0x0000000741600000, 0x0000000800000000)
  region size 2048K, 6 young (12288K), 0 survivors (0K)
 Metaspace       used 973K, committed 1088K, reserved 1114112K
  class space    used 78K, committed 128K, reserved 1048576K
}
Event: 0.785 GC heap after
{Heap after GC invocations=1 (full 0):
 garbage-first heap   total 196608K, used 6939K [0x0000000741600000, 0x0000000800000000)
  region size 2048K, 1 young (2048K), 1 survivors (2048K)
 Metaspace       used 973K, committed 1088K, reserved 1114112K
  class space    used 78K, committed 128K, reserved 1048576K
}
Event: 1.838 GC heap before
{Heap before GC invocations=1 (full 0):
 garbage-first heap   total 196608K, used 13083K [0x0000000741600000, 0x0000000800000000)
  region size 2048K, 4 young (8192K), 1 survivors (2048K)
 Metaspace       used 2745K, committed 2816K, reserved 1114112K
  class space    used 245K, committed 256K, reserved 1048576K
}
Event: 1.843 GC heap after
{Heap after GC invocations=2 (full 0):
 garbage-first heap   total 196608K, used 9862K [0x0000000741600000, 0x0000000800000000)
  region size 2048K, 1 young (2048K), 1 survivors (2048K)
 Metaspace       used 2745K, committed 2816K, reserved 1114112K
  class space    used 245K, committed 256K, reserved 1048576K
}
Event: 3.195 GC heap before
{Heap before GC invocations=2 (full 0):
 garbage-first heap   total 196608K, used 28294K [0x0000000741600000, 0x0000000800000000)
  region size 2048K, 10 young (20480K), 1 survivors (2048K)
 Metaspace       used 7574K, committed 7808K, reserved 1114112K
  class space    used 909K, committed 1024K, reserved 1048576K
}
Event: 3.201 GC heap after
{Heap after GC invocations=3 (full 0):
 garbage-first heap   total 196608K, used 11507K [0x0000000741600000, 0x0000000800000000)
  region size 2048K, 2 young (4096K), 2 survivors (4096K)
 Metaspace       used 7574K, committed 7808K, reserved 1114112K
  class space    used 909K, committed 1024K, reserved 1048576K
}
Event: 5.555 GC heap before
{Heap before GC invocations=3 (full 0):
 garbage-first heap   total 196608K, used 70899K [0x0000000741600000, 0x0000000800000000)
  region size 2048K, 33 young (67584K), 2 survivors (4096K)
 Metaspace       used 21167K, committed 21504K, reserved 1114112K
  class space    used 2632K, committed 2752K, reserved 1048576K
}
Event: 5.571 GC heap after
{Heap after GC invocations=4 (full 0):
 garbage-first heap   total 196608K, used 18054K [0x0000000741600000, 0x0000000800000000)
  region size 2048K, 5 young (10240K), 5 survivors (10240K)
 Metaspace       used 21167K, committed 21504K, reserved 1114112K
  class space    used 2632K, committed 2752K, reserved 1048576K
}
Event: 562.081 GC heap before
{Heap before GC invocations=5 (full 0):
 garbage-first heap   total 69632K, used 54918K [0x0000000741600000, 0x0000000800000000)
  region size 2048K, 20 young (40960K), 5 survivors (10240K)
 Metaspace       used 27273K, committed 27648K, reserved 1114112K
  class space    used 3522K, committed 3712K, reserved 1048576K
}
Event: 562.102 GC heap after
{Heap after GC invocations=6 (full 0):
 garbage-first heap   total 71680K, used 27364K [0x0000000741600000, 0x0000000800000000)
  region size 2048K, 2 young (4096K), 2 survivors (4096K)
 Metaspace       used 27273K, committed 27648K, reserved 1114112K
  class space    used 3522K, committed 3712K, reserved 1048576K
}

Dll operation events (10 events):
Event: 0.021 Loaded shared library C:\Extrenal_installation\Java21\jdk-21.0.5\bin\java.dll
Event: 0.089 Loaded shared library C:\Extrenal_installation\Java21\jdk-21.0.5\bin\jsvml.dll
Event: 0.155 Loaded shared library C:\Extrenal_installation\Java21\jdk-21.0.5\bin\net.dll
Event: 0.159 Loaded shared library C:\Extrenal_installation\Java21\jdk-21.0.5\bin\nio.dll
Event: 0.165 Loaded shared library C:\Extrenal_installation\Java21\jdk-21.0.5\bin\zip.dll
Event: 0.338 Loaded shared library C:\Extrenal_installation\Java21\jdk-21.0.5\bin\management.dll
Event: 0.349 Loaded shared library C:\Extrenal_installation\Java21\jdk-21.0.5\bin\management_ext.dll
Event: 0.390 Loaded shared library C:\Extrenal_installation\Java21\jdk-21.0.5\bin\jimage.dll
Event: 5.934 Loaded shared library C:\Extrenal_installation\Java21\jdk-21.0.5\bin\extnet.dll
Event: 561.806 Loaded shared library C:\Extrenal_installation\Java21\jdk-21.0.5\bin\verify.dll

Deoptimization events (20 events):
Event: 562.448 Thread 0x000001767c19acf0 Uncommon trap: trap_request=0xffffffbe fr.pc=0x0000017610015958 relative=0x0000000000001358
Event: 562.448 Thread 0x000001767c19acf0 Uncommon trap: reason=profile_predicate action=maybe_recompile pc=0x0000017610015958 method=org.springframework.boot.context.properties.source.ConfigurationPropertyName$Elements.hashCode(I)I @ 34 c2
Event: 562.448 Thread 0x000001767c19acf0 DEOPT PACKING pc=0x0000017610015958 sp=0x00000069a4efb960
Event: 562.448 Thread 0x000001767c19acf0 DEOPT UNPACKING pc=0x000001760f9446a2 sp=0x00000069a4efb8d0 mode 2
Event: 562.448 Thread 0x000001767c19acf0 Uncommon trap: trap_request=0xffffffbe fr.pc=0x0000017610015958 relative=0x0000000000001358
Event: 562.449 Thread 0x000001767c19acf0 Uncommon trap: reason=profile_predicate action=maybe_recompile pc=0x0000017610015958 method=org.springframework.boot.context.properties.source.ConfigurationPropertyName$Elements.hashCode(I)I @ 34 c2
Event: 562.449 Thread 0x000001767c19acf0 DEOPT PACKING pc=0x0000017610015958 sp=0x00000069a4efb960
Event: 562.449 Thread 0x000001767c19acf0 DEOPT UNPACKING pc=0x000001760f9446a2 sp=0x00000069a4efb8d0 mode 2
Event: 562.449 Thread 0x000001767c19acf0 Uncommon trap: trap_request=0xffffffbe fr.pc=0x0000017610015958 relative=0x0000000000001358
Event: 562.449 Thread 0x000001767c19acf0 Uncommon trap: reason=profile_predicate action=maybe_recompile pc=0x0000017610015958 method=org.springframework.boot.context.properties.source.ConfigurationPropertyName$Elements.hashCode(I)I @ 34 c2
Event: 562.449 Thread 0x000001767c19acf0 DEOPT PACKING pc=0x0000017610015958 sp=0x00000069a4efb960
Event: 562.449 Thread 0x000001767c19acf0 DEOPT UNPACKING pc=0x000001760f9446a2 sp=0x00000069a4efb8d0 mode 2
Event: 562.449 Thread 0x000001767c19acf0 Uncommon trap: trap_request=0xffffffbe fr.pc=0x0000017610015958 relative=0x0000000000001358
Event: 562.449 Thread 0x000001767c19acf0 Uncommon trap: reason=profile_predicate action=maybe_recompile pc=0x0000017610015958 method=org.springframework.boot.context.properties.source.ConfigurationPropertyName$Elements.hashCode(I)I @ 34 c2
Event: 562.449 Thread 0x000001767c19acf0 DEOPT PACKING pc=0x0000017610015958 sp=0x00000069a4efb960
Event: 562.449 Thread 0x000001767c19acf0 DEOPT UNPACKING pc=0x000001760f9446a2 sp=0x00000069a4efb8d0 mode 2
Event: 562.523 Thread 0x000001767c19acf0 Uncommon trap: trap_request=0xffffff45 fr.pc=0x000001760ffe9b18 relative=0x00000000000000f8
Event: 562.523 Thread 0x000001767c19acf0 Uncommon trap: reason=unstable_if action=reinterpret pc=0x000001760ffe9b18 method=org.springframework.util.ObjectUtils.nullSafeEquals(Ljava/lang/Object;Ljava/lang/Object;)Z @ 8 c2
Event: 562.523 Thread 0x000001767c19acf0 DEOPT PACKING pc=0x000001760ffe9b18 sp=0x00000069a4efbc50
Event: 562.523 Thread 0x000001767c19acf0 DEOPT UNPACKING pc=0x000001760f9446a2 sp=0x00000069a4efbc00 mode 2

Classes loaded (20 events):
Event: 562.342 Loading class java/lang/reflect/AnnotatedWildcardType done
Event: 562.342 Loading class sun/reflect/annotation/AnnotatedTypeFactory$AnnotatedWildcardTypeImpl done
Event: 562.343 Loading class sun/reflect/misc/ReflectUtil
Event: 562.351 Loading class sun/reflect/misc/ReflectUtil done
Event: 562.573 Loading class java/beans/IntrospectionException
Event: 562.573 Loading class java/beans/IntrospectionException done
Event: 562.573 Loading class java/beans/PropertyDescriptor
Event: 562.573 Loading class java/beans/PropertyDescriptor done
Event: 562.575 Loading class java/beans/BeanInfo
Event: 562.575 Loading class java/beans/BeanInfo done
Event: 562.578 Loading class java/beans/MethodRef
Event: 562.579 Loading class java/beans/MethodRef done
Event: 562.581 Loading class java/beans/SimpleBeanInfo
Event: 562.581 Loading class java/beans/SimpleBeanInfo done
Event: 562.582 Loading class com/sun/beans/TypeResolver
Event: 562.601 Loading class com/sun/beans/TypeResolver done
Event: 562.602 Loading class com/sun/beans/WeakCache
Event: 562.602 Loading class com/sun/beans/WeakCache done
Event: 562.603 Loading class com/sun/beans/WildcardTypeImpl
Event: 562.603 Loading class com/sun/beans/WildcardTypeImpl done

Classes unloaded (0 events):
No events

Classes redefined (0 events):
No events

Internal exceptions (20 events):
Event: 4.957 Thread 0x000001767c19acf0 Exception <a 'java/lang/NoSuchMethodError'{0x000000074a787540}: 'java.lang.Object java.lang.invoke.DirectMethodHandle$Holder.invokeSpecial(java.lang.Object, java.lang.Object, java.lang.Object, int, java.lang.Object)'> (0x000000074a787540) 
thrown [s\open\src\hotspot\share\interpreter\linkResolver.cpp, line 773]
Event: 4.958 Thread 0x000001767c19acf0 Exception <a 'java/lang/NoSuchMethodError'{0x000000074a78f7e8}: 'java.lang.Object java.lang.invoke.DirectMethodHandle$Holder.newInvokeSpecial(java.lang.Object, java.lang.Object, java.lang.Object, int, java.lang.Object)'> (0x000000074a78f7e8) 
thrown [s\open\src\hotspot\share\interpreter\linkResolver.cpp, line 773]
Event: 4.959 Thread 0x000001767c19acf0 Exception <a 'java/lang/NoSuchMethodError'{0x000000074a7974d0}: 'java.lang.Object java.lang.invoke.Invokers$Holder.linkToTargetMethod(java.lang.Object, java.lang.Object, int, java.lang.Object, java.lang.Object)'> (0x000000074a7974d0) 
thrown [s\open\src\hotspot\share\interpreter\linkResolver.cpp, line 773]
Event: 4.960 Thread 0x000001767c19acf0 Exception <a 'java/lang/NoSuchMethodError'{0x000000074a7a30f8}: 'java.lang.Object java.lang.invoke.DirectMethodHandle$Holder.newInvokeSpecial(java.lang.Object, int, java.lang.Object)'> (0x000000074a7a30f8) 
thrown [s\open\src\hotspot\share\interpreter\linkResolver.cpp, line 773]
Event: 4.972 Thread 0x000001767c19acf0 Exception <a 'java/lang/NoSuchMethodError'{0x000000074a7ddbc0}: 'java.lang.Object java.lang.invoke.Invokers$Holder.invoke_MT(java.lang.Object, java.lang.Object, java.lang.Object, java.lang.Object, java.lang.Object, java.lang.Object, java.lang.Object, java.lang.Object, java.lang.Object)'> (0x000000074a7ddbc0) 
thrown [s\open\src\hotspot\share\interpreter\linkResolver.cpp, line 773]
Event: 4.976 Thread 0x000001767c19acf0 Implicit null exception at 0x000001760ff865d1 to 0x000001760ff86a58
Event: 4.976 Thread 0x000001767c19acf0 Exception <a 'java/lang/NoSuchMethodError'{0x000000074a7ffc88}: 'java.lang.reflect.Field[] java.lang.Class.getDeclaredFields(java.lang.Class)'> (0x000000074a7ffc88) 
thrown [s\open\src\hotspot\share\interpreter\linkResolver.cpp, line 773]
Event: 5.006 Thread 0x000001767c19acf0 Exception <a 'java/lang/NoSuchMethodError'{0x000000074a453f10}: 'java.lang.Object java.lang.invoke.DirectMethodHandle$Holder.invokeSpecial(java.lang.Object, java.lang.Object, int, java.lang.Object, java.lang.Object)'> (0x000000074a453f10) 
thrown [s\open\src\hotspot\share\interpreter\linkResolver.cpp, line 773]
Event: 5.006 Thread 0x000001767c19acf0 Exception <a 'java/lang/NoSuchMethodError'{0x000000074a458160}: 'java.lang.Object java.lang.invoke.DelegatingMethodHandle$Holder.delegate(java.lang.Object, int, java.lang.Object, java.lang.Object)'> (0x000000074a458160) 
thrown [s\open\src\hotspot\share\interpreter\linkResolver.cpp, line 773]
Event: 5.010 Thread 0x000001767c19acf0 Exception <a 'java/lang/NoSuchMethodError'{0x000000074a467d68}: 'int java.lang.invoke.Invokers$Holder.linkToTargetMethod(java.lang.Object, java.lang.Object, java.lang.Object)'> (0x000000074a467d68) 
thrown [s\open\src\hotspot\share\interpreter\linkResolver.cpp, line 773]
Event: 5.607 Thread 0x000001767c19acf0 Exception <a 'java/lang/NoSuchMethodError'{0x000000074d4990f8}: 'long java.lang.invoke.DirectMethodHandle$Holder.invokeStatic(java.lang.Object, java.lang.Object)'> (0x000000074d4990f8) 
thrown [s\open\src\hotspot\share\interpreter\linkResolver.cpp, line 773]
Event: 5.608 Thread 0x000001767c19acf0 Exception <a 'java/lang/NoSuchMethodError'{0x000000074d49cc80}: 'long java.lang.invoke.DirectMethodHandle$Holder.invokeStaticInit(java.lang.Object, java.lang.Object)'> (0x000000074d49cc80) 
thrown [s\open\src\hotspot\share\interpreter\linkResolver.cpp, line 773]
Event: 5.611 Thread 0x000001767c19acf0 Exception <a 'java/lang/NoSuchMethodError'{0x000000074d4a9630}: 'long java.lang.invoke.DirectMethodHandle$Holder.invokeInterface(java.lang.Object, java.lang.Object)'> (0x000000074d4a9630) 
thrown [s\open\src\hotspot\share\interpreter\linkResolver.cpp, line 773]
Event: 5.611 Thread 0x000001767c19acf0 Exception <a 'java/lang/IncompatibleClassChangeError'{0x000000074d4ad100}: Found class java.lang.Object, but interface was expected> (0x000000074d4ad100) 
thrown [s\open\src\hotspot\share\interpreter\linkResolver.cpp, line 840]
Event: 5.618 Thread 0x000001767c19acf0 Exception <a 'java/lang/NoSuchMethodError'{0x000000074d4c41c8}: 'java.lang.Object java.lang.invoke.DirectMethodHandle$Holder.invokeVirtual(java.lang.Object, java.lang.Object, java.lang.Object, java.lang.Object)'> (0x000000074d4c41c8) 
thrown [s\open\src\hotspot\share\interpreter\linkResolver.cpp, line 773]
Event: 561.348 Thread 0x000001767c19acf0 Exception <a 'java/lang/NoSuchMethodError'{0x00000007447daae8}: 'java.lang.Object java.lang.invoke.DirectMethodHandle$Holder.invokeStatic(java.lang.Object, int, java.lang.Object)'> (0x00000007447daae8) 
thrown [s\open\src\hotspot\share\interpreter\linkResolver.cpp, line 773]
Event: 561.348 Thread 0x000001767c19acf0 Exception <a 'java/lang/NoSuchMethodError'{0x00000007447de958}: 'java.lang.Object java.lang.invoke.DirectMethodHandle$Holder.invokeStaticInit(java.lang.Object, int, java.lang.Object)'> (0x00000007447de958) 
thrown [s\open\src\hotspot\share\interpreter\linkResolver.cpp, line 773]
Event: 561.517 Thread 0x000001767c19acf0 Exception <a 'java/lang/IncompatibleClassChangeError'{0x000000074432aaf8}: Found class java.lang.Object, but interface was expected> (0x000000074432aaf8) 
thrown [s\open\src\hotspot\share\interpreter\linkResolver.cpp, line 840]
Event: 562.424 Thread 0x00000176620380c0 Exception <a 'java/lang/NoClassDefFoundError'{0x0000000744d94e48}: org/apache/tomcat/util/http/Rfc6265CookieProcessor> (0x0000000744d94e48) 
thrown [s\open\src\hotspot\share\classfile\systemDictionary.cpp, line 301]
Event: 562.523 Thread 0x000001767c19acf0 Implicit null exception at 0x000001760ffe9a49 to 0x000001760ffe9b07

ZGC Phase Switch (0 events):
No events

VM Operations (20 events):
Event: 262.815 Executing VM operation: Cleanup
Event: 262.815 Executing VM operation: Cleanup done
Event: 265.832 Executing VM operation: Cleanup
Event: 265.832 Executing VM operation: Cleanup done
Event: 295.090 Executing VM operation: Cleanup
Event: 295.091 Executing VM operation: Cleanup done
Event: 376.806 Executing VM operation: Cleanup
Event: 376.806 Executing VM operation: Cleanup done
Event: 530.072 Executing VM operation: Cleanup
Event: 530.072 Executing VM operation: Cleanup done
Event: 556.291 Executing VM operation: Cleanup
Event: 556.291 Executing VM operation: Cleanup done
Event: 561.336 Executing VM operation: Cleanup
Event: 561.336 Executing VM operation: Cleanup done
Event: 561.491 Executing VM operation: HandshakeAllThreads (Deoptimize)
Event: 561.491 Executing VM operation: HandshakeAllThreads (Deoptimize) done
Event: 562.065 Executing VM operation: G1CollectForAllocation (G1 Evacuation Pause)
Event: 562.104 Executing VM operation: G1CollectForAllocation (G1 Evacuation Pause) done
Event: 562.524 Executing VM operation: HandshakeAllThreads (Deoptimize)
Event: 562.524 Executing VM operation: HandshakeAllThreads (Deoptimize) done

Events (20 events):
Event: 0.085 Thread 0x000001767f64b970 Thread added: 0x000001767f64b970
Event: 0.085 Thread 0x000001767f64ee70 Thread added: 0x000001767f64ee70
Event: 0.085 Thread 0x000001767f64fb20 Thread added: 0x000001767f64fb20
Event: 0.085 Thread 0x000001767f650780 Thread added: 0x000001767f650780
Event: 0.085 Thread 0x000001767f651110 Thread added: 0x000001767f651110
Event: 0.085 Thread 0x000001767f652e40 Thread added: 0x000001767f652e40
Event: 0.146 Thread 0x000001761c541480 Thread added: 0x000001761c541480
Event: 0.148 Thread 0x000001761c5499b0 Thread added: 0x000001761c5499b0
Event: 1.419 Thread 0x00000176625182a0 Thread added: 0x00000176625182a0
Event: 1.446 Thread 0x00000176625225c0 Thread added: 0x00000176625225c0
Event: 1.837 Thread 0x00000176625d5de0 Thread added: 0x00000176625d5de0
Event: 2.278 Thread 0x00000176625d5de0 Thread exited: 0x00000176625d5de0
Event: 3.931 Thread 0x000001766372e150 Thread added: 0x000001766372e150
Event: 7.060 Thread 0x000001766372e150 Thread exited: 0x000001766372e150
Event: 191.088 Thread 0x000001766375a3e0 Thread added: 0x000001766375a3e0
Event: 196.131 Thread 0x000001766375a3e0 Thread exited: 0x000001766375a3e0
Event: 561.229 Thread 0x0000017663a49af0 Thread added: 0x0000017663a49af0
Event: 561.288 Thread 0x0000017663a49af0 Thread exited: 0x0000017663a49af0
Event: 561.507 Thread 0x00000176620380c0 Thread added: 0x00000176620380c0
Event: 562.425 Thread 0x00000176620380c0 Thread exited: 0x00000176620380c0


Dynamic libraries:
0x00007ff735230000 - 0x00007ff735240000 	C:\Extrenal_installation\Java21\jdk-21.0.5\bin\java.exe
0x00007ff9a80d0000 - 0x00007ff9a82e7000 	C:\WINDOWS\SYSTEM32\ntdll.dll
0x00007ff9a6310000 - 0x00007ff9a63d4000 	C:\WINDOWS\System32\KERNEL32.DLL
0x00007ff9a5260000 - 0x00007ff9a5632000 	C:\WINDOWS\System32\KERNELBASE.dll
0x00007ff9a5640000 - 0x00007ff9a5751000 	C:\WINDOWS\System32\ucrtbase.dll
0x00007ff932840000 - 0x00007ff93285b000 	C:\Extrenal_installation\Java21\jdk-21.0.5\bin\VCRUNTIME140.dll
0x00007ff93c400000 - 0x00007ff93c419000 	C:\Extrenal_installation\Java21\jdk-21.0.5\bin\jli.dll
0x00007ff9a7fd0000 - 0x00007ff9a8081000 	C:\WINDOWS\System32\ADVAPI32.dll
0x00007ff9a72f0000 - 0x00007ff9a7397000 	C:\WINDOWS\System32\msvcrt.dll
0x00007ff9a5d60000 - 0x00007ff9a5e08000 	C:\WINDOWS\System32\sechost.dll
0x00007ff9a57e0000 - 0x00007ff9a5808000 	C:\WINDOWS\System32\bcrypt.dll
0x00007ff9a7e60000 - 0x00007ff9a7f74000 	C:\WINDOWS\System32\RPCRT4.dll
0x00007ff9a7130000 - 0x00007ff9a72e1000 	C:\WINDOWS\System32\USER32.dll
0x00007ff9a5950000 - 0x00007ff9a5976000 	C:\WINDOWS\System32\win32u.dll
0x00007ff9a6780000 - 0x00007ff9a67a9000 	C:\WINDOWS\System32\GDI32.dll
0x00007ff9a5980000 - 0x00007ff9a5aa3000 	C:\WINDOWS\System32\gdi32full.dll
0x00007ff9a51c0000 - 0x00007ff9a525a000 	C:\WINDOWS\System32\msvcp_win.dll
0x00007ff990380000 - 0x00007ff99061b000 	C:\WINDOWS\WinSxS\amd64_microsoft.windows.common-controls_6595b64144ccf1df_6.0.22621.5547_none_27104afb73855772\COMCTL32.dll
0x00007ff99ed40000 - 0x00007ff99ed4a000 	C:\WINDOWS\SYSTEM32\VERSION.dll
0x00007ff9a5ef0000 - 0x00007ff9a5f21000 	C:\WINDOWS\System32\IMM32.DLL
0x00007ff954920000 - 0x00007ff95492c000 	C:\Extrenal_installation\Java21\jdk-21.0.5\bin\vcruntime140_1.dll
0x00007ff91b880000 - 0x00007ff91b90e000 	C:\Extrenal_installation\Java21\jdk-21.0.5\bin\msvcp140.dll
0x00007ff91ab60000 - 0x00007ff91b878000 	C:\Extrenal_installation\Java21\jdk-21.0.5\bin\server\jvm.dll
0x00007ff9a7420000 - 0x00007ff9a7491000 	C:\WINDOWS\System32\WS2_32.dll
0x00007ff9a5090000 - 0x00007ff9a50dd000 	C:\WINDOWS\SYSTEM32\POWRPROF.dll
0x00007ff99e250000 - 0x00007ff99e284000 	C:\WINDOWS\SYSTEM32\WINMM.dll
0x00007ff9a5070000 - 0x00007ff9a5083000 	C:\WINDOWS\SYSTEM32\UMPDC.dll
0x00007ff9a41b0000 - 0x00007ff9a41c8000 	C:\WINDOWS\SYSTEM32\kernel.appcore.dll
0x00007ff93e790000 - 0x00007ff93e79a000 	C:\Extrenal_installation\Java21\jdk-21.0.5\bin\jimage.dll
0x00007ff9a2bb0000 - 0x00007ff9a2de3000 	C:\WINDOWS\SYSTEM32\DBGHELP.DLL
0x00007ff9a63e0000 - 0x00007ff9a6773000 	C:\WINDOWS\System32\combase.dll
0x00007ff9a6f20000 - 0x00007ff9a6ff7000 	C:\WINDOWS\System32\OLEAUT32.dll
0x00007ff990760000 - 0x00007ff990792000 	C:\WINDOWS\SYSTEM32\dbgcore.DLL
0x00007ff9a5ab0000 - 0x00007ff9a5b2b000 	C:\WINDOWS\System32\bcryptPrimitives.dll
0x00007ff932010000 - 0x00007ff93202f000 	C:\Extrenal_installation\Java21\jdk-21.0.5\bin\java.dll
0x00007ff9a75b0000 - 0x00007ff9a7e52000 	C:\WINDOWS\System32\SHELL32.dll
0x00007ff9a5810000 - 0x00007ff9a594f000 	C:\WINDOWS\System32\wintypes.dll
0x00007ff9a30a0000 - 0x00007ff9a39bd000 	C:\WINDOWS\SYSTEM32\windows.storage.dll
0x00007ff9a74a0000 - 0x00007ff9a75ac000 	C:\WINDOWS\System32\SHCORE.dll
0x00007ff9a73b0000 - 0x00007ff9a7419000 	C:\WINDOWS\System32\shlwapi.dll
0x00007ff9a50f0000 - 0x00007ff9a511b000 	C:\WINDOWS\SYSTEM32\profapi.dll
0x00007ff91aa80000 - 0x00007ff91ab57000 	C:\Extrenal_installation\Java21\jdk-21.0.5\bin\jsvml.dll
0x00007ff93c190000 - 0x00007ff93c1a0000 	C:\Extrenal_installation\Java21\jdk-21.0.5\bin\net.dll
0x00007ff99df70000 - 0x00007ff99e09c000 	C:\WINDOWS\SYSTEM32\WINHTTP.dll
0x00007ff9a4620000 - 0x00007ff9a4689000 	C:\WINDOWS\system32\mswsock.dll
0x00007ff91aa60000 - 0x00007ff91aa76000 	C:\Extrenal_installation\Java21\jdk-21.0.5\bin\nio.dll
0x00007ff92b250000 - 0x00007ff92b268000 	C:\Extrenal_installation\Java21\jdk-21.0.5\bin\zip.dll
0x00007ff928c30000 - 0x00007ff928c3a000 	C:\Extrenal_installation\Java21\jdk-21.0.5\bin\management.dll
0x00007ff928760000 - 0x00007ff92876b000 	C:\Extrenal_installation\Java21\jdk-21.0.5\bin\management_ext.dll
0x00007ff9a67b0000 - 0x00007ff9a67b8000 	C:\WINDOWS\System32\PSAPI.DLL
0x00007ff9a3c90000 - 0x00007ff9a3d88000 	C:\WINDOWS\SYSTEM32\DNSAPI.dll
0x00007ff9a3c20000 - 0x00007ff9a3c4d000 	C:\WINDOWS\SYSTEM32\IPHLPAPI.DLL
0x00007ff9a73a0000 - 0x00007ff9a73a9000 	C:\WINDOWS\System32\NSI.dll
0x0000000056f70000 - 0x0000000056f96000 	C:\Program Files\Bonjour\mdnsNSP.dll
0x00007ff996120000 - 0x00007ff99612a000 	C:\Windows\System32\rasadhlp.dll
0x00007ff99b430000 - 0x00007ff99b4b4000 	C:\WINDOWS\System32\fwpuclnt.dll
0x00007ff93b490000 - 0x00007ff93b499000 	C:\Extrenal_installation\Java21\jdk-21.0.5\bin\extnet.dll
0x00007ff928230000 - 0x00007ff928240000 	C:\Extrenal_installation\Java21\jdk-21.0.5\bin\verify.dll

dbghelp: loaded successfully - version: 4.0.5 - missing functions: none
symbol engine: initialized successfully - sym options: 0x614 - pdb path: .;C:\Extrenal_installation\Java21\jdk-21.0.5\bin;C:\WINDOWS\SYSTEM32;C:\WINDOWS\WinSxS\amd64_microsoft.windows.common-controls_6595b64144ccf1df_6.0.22621.5547_none_27104afb73855772;C:\Extrenal_installation\Java21\jdk-21.0.5\bin\server;C:\Program Files\Bonjour

VM Arguments:
java_command: C:\Users\Hp\AppData\Local\Temp\surefire11313607303276746391\surefirebooter-20250714092806610_3.jar C:\Users\Hp\AppData\Local\Temp\surefire11313607303276746391 2025-07-14T09-28-05_758-jvmRun1 surefire-20250714092806610_1tmp surefire_0-20250714092806610_2tmp
java_class_path (initial): C:\Users\Hp\AppData\Local\Temp\surefire11313607303276746391\surefirebooter-20250714092806610_3.jar
Launcher Type: SUN_STANDARD

[Global flags]
     intx CICompilerCount                          = 3                                         {product} {ergonomic}
     uint ConcGCThreads                            = 1                                         {product} {ergonomic}
     uint G1ConcRefinementThreads                  = 4                                         {product} {ergonomic}
   size_t G1HeapRegionSize                         = 2097152                                   {product} {ergonomic}
    uintx GCDrainStackTargetSize                   = 64                                        {product} {ergonomic}
   size_t InitialHeapSize                          = 201326592                                 {product} {ergonomic}
   size_t MarkStackSize                            = 4194304                                   {product} {ergonomic}
   size_t MaxHeapSize                              = 3198156800                                {product} {ergonomic}
   size_t MaxNewSize                               = 1918894080                                {product} {ergonomic}
   size_t MinHeapDeltaBytes                        = 2097152                                   {product} {ergonomic}
   size_t MinHeapSize                              = 8388608                                   {product} {ergonomic}
    uintx NonNMethodCodeHeapSize                   = 5832780                                {pd product} {ergonomic}
    uintx NonProfiledCodeHeapSize                  = 122912730                              {pd product} {ergonomic}
    uintx ProfiledCodeHeapSize                     = 122912730                              {pd product} {ergonomic}
    uintx ReservedCodeCacheSize                    = 251658240                              {pd product} {ergonomic}
     bool SegmentedCodeCache                       = true                                      {product} {ergonomic}
   size_t SoftMaxHeapSize                          = 3198156800                             {manageable} {ergonomic}
     bool UseCompressedOops                        = true                           {product lp64_product} {ergonomic}
     bool UseG1GC                                  = true                                      {product} {ergonomic}
     bool UseLargePagesIndividualAllocation        = false                                  {pd product} {ergonomic}

Logging:
Log output configuration:
 #0: stdout all=warning uptime,level,tags foldmultilines=false
 #1: stderr all=off uptime,level,tags foldmultilines=false

Environment Variables:
JAVA_HOME=C:\Extrenal_installation\Java21\jdk-21.0.5
PATH=c:\Users\Hp\cursor\resources\app\bin;C:\Extrenal_installation\Python313\Scripts\;C:\Extrenal_installation\Python313\;C:\oraclexe\app\oracle\product\11.2.0\server\bin;C:\Users\Hp\Downloads\WINDOWS.X64_213000_db_home\bin;C:\WINDOWS\system32;C:\WINDOWS;C:\WINDOWS\System32\Wbem;C:\WINDOWS\System32\WindowsPowerShell\v1.0\;C:\WINDOWS\System32\OpenSSH\;C:\MinGW\bin;C:\Program Files\MySQL\MySQL Server 8.0\bin;C:\Users\Hp\AppData\Local\Microsoft\WindowsApps;C:\Program Files\Apache\maven-3.9.9\apache-maven-3.9.9\bin;C:\Program Files\Apache Software Foundation\Tomcat 11.0\bin;C:\Extrenal_installation\Java21\jdk-21.0.5\bin;C:\Program Files\nodejs\;C:\ProgramData\chocolatey\bin;C:\Program Files\Git\cmd;C:\Users\Hp\AppData\Local\Microsoft\WindowsApps;C:\Extrenal_installation\Java21\jdk-21.0.5\bin;C:\Mongosh\;C:\Program Files\heroku\bin;C:\Users\Hp\AppData\Roaming\npm;C:\Users\Hp\cursor\resources\app\bin;c:\Users\Hp\cursor\resources\app\bin;C:\Program Files\Docker\Docker\resources\bin;C:\Users\Hp\AppData\Local\Microsoft\WindowsApps;D:\Microsoft VS Code\bin;C:\Extrenal_installation\Java21\jdk-21.0.5\bin;C:\Mongosh\;C:\Program Files\heroku\bin;C:\Users\Hp\AppData\Roaming\npm;C:\Users\Hp\cursor\resources\app\bin
USERNAME=Hp
OS=Windows_NT
PROCESSOR_IDENTIFIER=Intel64 Family 6 Model 142 Stepping 10, GenuineIntel
TMP=C:\Users\Hp\AppData\Local\Temp
TEMP=C:\Users\Hp\AppData\Local\Temp




Periodic native trim disabled

---------------  S Y S T E M  ---------------

OS:
 Windows 11 , 64 bit Build 22621 (10.0.22621.5415)
OS uptime: 0 days 1:26 hours
Hyper-V role detected

CPU: total 4 (initial active 4) (2 cores per cpu, 2 threads per core) family 6 model 142 stepping 10 microcode 0xe0, cx8, cmov, fxsr, ht, mmx, 3dnowpref, sse, sse2, sse3, ssse3, sse4.1, sse4.2, popcnt, lzcnt, tsc, tscinvbit, avx, avx2, aes, erms, clmul, bmi1, bmi2, adx, fma, vzeroupper, clflush, clflushopt, hv, rdtscp, f16c
Processor Information for processor 0
  Max Mhz: 2300, Current Mhz: 2300, Mhz Limit: 2300
Processor Information for processor 1
  Max Mhz: 2300, Current Mhz: 2300, Mhz Limit: 2300
Processor Information for processor 2
  Max Mhz: 2300, Current Mhz: 2300, Mhz Limit: 2300
Processor Information for processor 3
  Max Mhz: 2300, Current Mhz: 1500, Mhz Limit: 2300

Memory: 4k page, system-wide physical 12199M (317M free)
TotalPageFile size 21343M (AvailPageFile size 7M)
current process WorkingSet (physical memory assigned to process): 169M, peak: 171M
current process commit charge ("private bytes"): 207M, peak: 320M

vm_info: Java HotSpot(TM) 64-Bit Server VM (21.0.5+9-LTS-239) for windows-amd64 JRE (21.0.5+9-LTS-239), built on 2024-09-30T05:17:38Z by "mach5one" with MS VC++ 17.6 (VS2022)

END.
